#
# There is insufficient memory for the Java Runtime Environment to continue.
# Native memory allocation (mmap) failed to map 65536 bytes. Error detail: Failed to commit metaspace.
# Possible reasons:
#   The system is out of physical RAM or swap space
#   This process is running with CompressedOops enabled, and the Java Heap may be blocking the growth of the native heap
# Possible solutions:
#   Reduce memory load on the system
#   Increase physical memory or swap space
#   Check if swap backing store is full
#   Decrease Java heap size (-Xmx/-Xms)
#   Decrease number of Java threads
#   Decrease Java thread stack sizes (-Xss)
#   Set larger code cache with -XX:ReservedCodeCacheSize=
#   JVM is running with Unscaled Compressed Oops mode in which the Java heap is
#     placed in the first 4GB address space. The Java Heap base address is the
#     maximum limit for the native heap growth. Please use -XX:HeapBaseMinAddress
#     to set the Java Heap base and to place the Java Heap above 4GB virtual address.
# This output file may be truncated or incomplete.
#
#  Out of Memory Error (virtualSpaceNode.cpp:112), pid=3380, tid=18400
#
# JRE version: OpenJDK Runtime Environment (22.0.2+9) (build 22.0.2+9-70)
# Java VM: OpenJDK 64-Bit Server VM (22.0.2+9-70, mixed mode, emulated-client, sharing, tiered, compressed oops, compressed class ptrs, g1 gc, windows-amd64)
# No core dump will be written. Minidumps are not enabled by default on client versions of Windows
#

---------------  S U M M A R Y ------------

Command Line: -XX:TieredStopAtLevel=1 -Dspring.output.ansi.enabled=always -Dcom.sun.management.jmxremote -Dspring.jmx.enabled=true -Dspring.liveBeansView.mbeanDomain -Dspring.application.admin.enabled=true -Dmanagement.endpoints.jmx.exposure.include=* -javaagent:C:\Program Files\JetBrains\IntelliJ IDEA 2024.1.1\lib\idea_rt.jar=51676:C:\Program Files\JetBrains\IntelliJ IDEA 2024.1.1\bin -Dfile.encoding=UTF-8 -Dsun.stdout.encoding=UTF-8 -Dsun.stderr.encoding=UTF-8 SPA.dev.Stock.StockApplication

Host: Intel(R) Pentium(R) Silver N5030 CPU @ 1.10GHz, 4 cores, 3G,  Windows 10 , 64 bit Build 19041 (10.0.19041.4717)
Time: Sun Aug 18 01:29:08 2024 Paris, Madrid (heure duild 19041 (10.0.19041.4717) elapsed time: 16.756772 seconds (0d 0h 0m 16s)

---------------  T H R E A D  ---------------

Current thread (0x000001c425dbafe0):  JavaThread "restartedMain"        [_thread_in_vm, id=18400, stack(0x00000073e0a00000,0x00000073e0b00000) (1024K)]

Stack: [0x00000073e0a00000,0x00000073e0b00000]
Native frames: (J=compiled Java code, j=interpreted, Vv=VM code, C=native code)
V  [jvm.dll+0x6e26e9]  (no source info available)
V  [jvm.dll+0x875753]  (no source info available)
V  [jvm.dll+0x877b7e]  (no source info available)
V  [jvm.dll+0x878253]  (no source info available)
V  [jvm.dll+0x27fc86]  (no source info available)
V  [jvm.dll+0x87139e]  (no source info available)
V  [jvm.dll+0x685755]  (no source info available)
V  [jvm.dll+0x1e3cdc]  (no source info available)
V  [jvm.dll+0x1e3aae]  (no source info available)
V  [jvm.dll+0x6880a8]  (no source info available)
V  [jvm.dll+0x224f6c]  (no source info available)
V  [jvm.dll+0x68616e]  (no source info available)
V  [jvm.dll+0x27c9ed]  (no source info available)
V  [jvm.dll+0x27cdb1]  (no source info available)
V  [jvm.dll+0x73ae8f]  (no source info available)
V  [jvm.dll+0x73bc7f]  (no source info available)
V  [jvm.dll+0x3c8e5f]  (no source info available)
V  [jvm.dll+0x3c7c5c]  (no source info available)
V  [jvm.dll+0x3c7bf8]  (no source info available)
V  [jvm.dll+0x3d9eea]  (no source info available)
C  0x000001c41f068a5c  (no source info available)

The last pc belongs to new (printed below).
Java frames: (J=compiled Java code, j=interpreted, Vv=VM code)
j  ch.qos.logback.classic.spi.ThrowableProxy.getPackagingDataCalculator()Lch/qos/logback/classic/spi/PackagingDataCalculator;+15
j  ch.qos.logback.classic.spi.ThrowableProxy.calculatePackagingData()V+9
j  ch.qos.logback.classic.spi.LoggingEvent.<init>(Ljava/lang/String;Lch/qos/logback/classic/Logger;Lch/qos/logback/classic/Level;Ljava/lang/String;Ljava/lang/Throwable;[Ljava/lang/Object;)V+151
j  ch.qos.logback.classic.Logger.buildLoggingEventAndAppend(Ljava/lang/String;Lorg/slf4j/Marker;Lch/qos/logback/classic/Level;Ljava/lang/String;[Ljava/lang/Object;Ljava/lang/Throwable;)V+13
j  ch.qos.logback.classic.Logger.filterAndLog_0_Or3Plus(Ljava/lang/String;Lorg/slf4j/Marker;Lch/qos/logback/classic/Level;Ljava/lang/String;[Ljava/lang/Object;Ljava/lang/Throwable;)V+57
j  ch.qos.logback.classic.Logger.log(Lorg/slf4j/Marker;Ljava/lang/String;ILjava/lang/String;[Ljava/lang/Object;Ljava/lang/Throwable;)V+17
j  org.slf4j.bridge.SLF4JBridgeHandler.callLocationAwareLogger(Lorg/slf4j/spi/LocationAwareLogger;Ljava/util/logging/LogRecord;)V+88
j  org.slf4j.bridge.SLF4JBridgeHandler.publish(Ljava/util/logging/LogRecord;)V+37
j  java.util.logging.Logger.log(Ljava/util/logging/LogRecord;)V+90 java.logging@22.0.2
j  java.util.logging.Logger.doLog(Ljava/util/logging/LogRecord;)V+46 java.logging@22.0.2
j  java.util.logging.Logger.logp(Ljava/util/logging/Level;Ljava/lang/String;Ljava/lang/String;Ljava/lang/String;Ljava/lang/Throwable;)V+43 java.logging@22.0.2
j  org.apache.juli.logging.DirectJDKLog.log(Ljava/util/logging/Level;Ljava/lang/String;Ljava/lang/Throwable;)V+98
j  org.apache.juli.logging.DirectJDKLog.error(Ljava/lang/Object;Ljava/lang/Throwable;)V+9
j  org.apache.catalina.core.ContainerBase.startInternal()V+194
j  org.apache.catalina.core.StandardHost.startInternal()V+179
j  org.apache.catalina.util.LifecycleBase.start()V+210
j  org.apache.catalina.core.ContainerBase$StartChild.call()Ljava/lang/Void;+4
j  org.apache.catalina.core.ContainerBase$StartChild.call()Ljava/lang/Object;+1
j  java.util.concurrent.FutureTask.run()V+39 java.base@22.0.2
j  org.apache.tomcat.util.threads.InlineExecutorService.execute(Ljava/lang/Runnable;)V+38
j  java.util.concurrent.AbstractExecutorService.submit(Ljava/util/concurrent/Callable;)Ljava/util/concurrent/Future;+20 java.base@22.0.2
j  org.apache.catalina.core.ContainerBase.startInternal()V+116
j  org.apache.catalina.core.StandardEngine.startInternal()V+38
j  org.apache.catalina.util.LifecycleBase.start()V+210
j  org.apache.catalina.core.StandardService.startInternal()V+57
j  org.apache.catalina.util.LifecycleBase.start()V+210
j  org.apache.catalina.core.StandardServer.startInternal()V+84
j  org.apache.catalina.util.LifecycleBase.start()V+210
j  org.apache.catalina.startup.Tomcat.start()V+9
j  org.springframework.boot.web.embedded.tomcat.TomcatWebServer.initialize()V+55
j  org.springframework.boot.web.embedded.tomcat.TomcatWebServer.<init>(Lorg/apache/catalina/startup/Tomcat;ZLorg/springframework/boot/web/server/Shutdown;)V+66
j  org.springframework.boot.web.embedded.tomcat.TomcatServletWebServerFactory.getTomcatWebServer(Lorg/apache/catalina/startup/Tomcat;)Lorg/springframework/boot/web/embedded/tomcat/TomcatWebServer;+21
j  org.springframework.boot.web.embedded.tomcat.TomcatServletWebServerFactory.getWebServer([Lorg/springframework/boot/web/servlet/ServletContextInitializer;)Lorg/springframework/boot/web/server/WebServer;+226
j  org.springframework.boot.web.servlet.context.ServletWebServerApplicationContext.createWebServer()V+67
j  org.springframework.boot.web.servlet.context.ServletWebServerApplicationContext.onRefresh()V+5
j  org.springframework.context.support.AbstractApplicationContext.refresh()V+85
j  org.springframework.boot.web.servlet.context.ServletWebServerApplicationContext.refresh()V+1
j  org.springframework.boot.SpringApplication.refresh(Lorg/springframework/context/ConfigurableApplicationContext;)V+1
j  org.springframework.boot.SpringApplication.refreshContext(Lorg/springframework/context/ConfigurableApplicationContext;)V+16
j  org.springframework.boot.SpringApplication.run([Ljava/lang/String;)Lorg/springframework/context/ConfigurableApplicationContext;+110
j  org.springframework.boot.SpringApplication.run([Ljava/lang/Class;[Ljava/lang/String;)Lorg/springframework/context/ConfigurableApplicationContext;+9
j  org.springframework.boot.SpringApplication.run(Ljava/lang/Class;[Ljava/lang/String;)Lorg/springframework/context/ConfigurableApplicationContext;+9
j  SPA.dev.Stock.StockApplication.main([Ljava/lang/String;)V+3
j  java.lang.invoke.LambdaForm$DMH+0x000001c427003400.invokeStatic(Ljava/lang/Object;Ljava/lang/Object;)V+10 java.base@22.0.2
j  java.lang.invoke.LambdaForm$MH+0x000001c427110800.invoke(Ljava/lang/Object;Ljava/lang/Object;Ljava/lang/Object;)Ljava/lang/Object;+33 java.base@22.0.2
j  java.lang.invoke.Invokers$Holder.invokeExact_MT(Ljava/lang/Object;Ljava/lang/Object;Ljava/lang/Object;Ljava/lang/Object;)Ljava/lang/Object;+20 java.base@22.0.2
j  jdk.internal.reflect.DirectMethodHandleAccessor.invokeImpl(Ljava/lang/Object;[Ljava/lang/Object;)Ljava/lang/Object;+55 java.base@22.0.2
j  jdk.internal.reflect.DirectMethodHandleAccessor.invoke(Ljava/lang/Object;[Ljava/lang/Object;)Ljava/lang/Object;+23 java.base@22.0.2
j  java.lang.reflect.Method.invoke(Ljava/lang/Object;[Ljava/lang/Object;)Ljava/lang/Object;+102 java.base@22.0.2
j  org.springframework.boot.devtools.restart.RestartLauncher.run()V+47
v  ~StubRoutines::call_stub 0x000001c41f051015
new  187 new  [0x000001c41f0688e0, 0x000001c41f068ae0]  512 bytes
[MachCode]
  0x000001c41f0688e0: 4883 ec08 | f30f 1104 | 24eb 1f48 | 83ec 10f2 | 0f11 0424 | eb14 4883 | ec10 4889 | 0424 48c7 
  0x000001c41f068900: 4424 0800 | 0000 00eb | 0150 410f | b755 010f | cac1 ea10 | 488b 4de8 | 488b 4908 | 488b 4908 
  0x000001c41f068920: 488b 4108 | 807c 1004 | 070f 85d3 | 0000 0066 | 8b54 d148 | 488b 4928 | 488b 4cd1 | 0851 80b9 
  0x000001c41f068940: 2001 0000 | 050f 85b6 | 0000 008b | 5108 f6c2 | 010f 85aa | 0000 0049 | 8b87 b801 | 0000 488d 
  0x000001c41f068960: 1c10 493b | 9fc8 0100 | 000f 8792 | 0000 0049 | 899f b801 | 0000 4883 | ea10 0f84 | 0f00 0000 
  0x000001c41f068980: 33c9 c1ea | 0348 894c | d008 48ff | ca75 f648 | c700 0100 | 0000 5933 | f689 700c | 49ba 0000 
  0x000001c41f0689a0: 0026 c401 | 0000 492b | ca89 4808 | 49ba 6d40 | b1a1 f87f | 0000 4180 | 3a00 0f84 | 3c00 0000 
  0x000001c41f0689c0: 5048 8bc8 | 4883 ec20 | 40f6 c40f | 0f84 1900 | 0000 4883 | ec08 48b8 | c0b9 61a1 | f87f 0000 
  0x000001c41f0689e0: ffd0 4883 | c408 e90c | 0000 0048 | b8c0 b961 | a1f8 7f00 | 00ff d048 | 83c4 2058 | e9c5 0000 
  0x000001c41f068a00: 0059 488b | 55e8 488b | 5208 488b | 5208 450f | b745 0141 | 0fc8 41c1 | e810 e805 | 0000 00e9 
  0x000001c41f068a20: a200 0000 | 488d 4424 | 084c 896d | c049 8bcf | 4989 afb0 | 0300 0049 | 8987 a003 | 0000 4883 
  0x000001c41f068a40: ec20 40f6 | c40f 0f84 | 1900 0000 | 4883 ec08 | 48b8 609e | 2aa1 f87f | 0000 ffd0 | 4883 c408 
  0x000001c41f068a60: e90c 0000 | 0048 b860 | 9e2a a1f8 | 7f00 00ff | d048 83c4 | 2049 c787 | a003 0000 | 0000 0000 
  0x000001c41f068a80: 49c7 87b0 | 0300 0000 | 0000 0049 | c787 a803 | 0000 0000 | 0000 4983 | 7f08 000f | 8405 0000 
  0x000001c41f068aa0: 00e9 5a84 | feff 498b | 87f8 0300 | 0049 c787 | f803 0000 | 0000 0000 | 4c8b 6dc0 | 4c8b 75c8 
  0x000001c41f068ac0: 4e8d 74f5 | 00c3 410f | b65d 0349 | 83c5 0349 | ba30 09b5 | a1f8 7f00 | 0041 ff24 | da66 6690 
[/MachCode]

---------------  P R O C E S S  ---------------

Threads class SMR info:
_java_thread_list=0x000001c46ba5b800, length=18, elements={
0x000001c415420510, 0x000001c425dac010, 0x000001c425daf050, 0x000001c425db25b0,
0x000001c425db4180, 0x000001c425db8460, 0x000001c425dbb670, 0x000001c425dccef0,
0x000001c425dbc390, 0x000001c425dbbd00, 0x000001c425db8f10, 0x000001c46b51ccd0,
0x000001c425db95a0, 0x000001c425db9c30, 0x000001c425dbafe0, 0x000001c425dba2c0,
0x000001c425dba950, 0x000001c46d6697f0
}

Java Threads: ( => current thread )
  0x000001c415420510 JavaThread "main"                              [_thread_blocked, id=16752, stack(0x00000073df200000,0x00000073df300000) (1024K)]
  0x000001c425dac010 JavaThread "Reference Handler"          daemon [_thread_blocked, id=18228, stack(0x00000073dfa00000,0x00000073dfb00000) (1024K)]
  0x000001c425daf050 JavaThread "Finalizer"                  daemon [_thread_blocked, id=3812, stack(0x00000073dfb00000,0x00000073dfc00000) (1024K)]
  0x000001c425db25b0 JavaThread "Signal Dispatcher"          daemon [_thread_blocked, id=17736, stack(0x00000073dfc00000,0x00000073dfd00000) (1024K)]
  0x000001c425db4180 JavaThread "Attach Listener"            daemon [_thread_blocked, id=9328, stack(0x00000073dfd00000,0x00000073dfe00000) (1024K)]
  0x000001c425db8460 JavaThread "Service Thread"             daemon [_thread_blocked, id=10236, stack(0x00000073dfe00000,0x00000073dff00000) (1024K)]
  0x000001c425dbb670 JavaThread "Monitor Deflation Thread"   daemon [_thread_blocked, id=11120, stack(0x00000073dff00000,0x00000073e0000000) (1024K)]
  0x000001c425dccef0 JavaThread "C1 CompilerThread0"         daemon [_thread_blocked, id=4480, stack(0x00000073e0000000,0x00000073e0100000) (1024K)]
  0x000001c425dbc390 JavaThread "Common-Cleaner"             daemon [_thread_blocked, id=1852, stack(0x00000073e0100000,0x00000073e0200000) (1024K)]
  0x000001c425dbbd00 JavaThread "Monitor Ctrl-Break"         daemon [_thread_in_native, id=18424, stack(0x00000073e0300000,0x00000073e0400000) (1024K)]
  0x000001c425db8f10 JavaThread "Notification Thread"        daemon [_thread_blocked, id=17728, stack(0x00000073e0400000,0x00000073e0500000) (1024K)]
  0x000001c46b51ccd0 JavaThread "C1 CompilerThread1"         daemon [_thread_blocked, id=14488, stack(0x00000073e0200000,0x00000073e0300000) (1024K)]
  0x000001c425db95a0 JavaThread "RMI TCP Accept-0"           daemon [_thread_in_native, id=14992, stack(0x00000073e0800000,0x00000073e0900000) (1024K)]
  0x000001c425db9c30 JavaThread "Thread-0"                          [_thread_blocked, id=18144, stack(0x00000073e0900000,0x00000073e0a00000) (1024K)]
=>0x000001c425dbafe0 JavaThread "restartedMain"                     [_thread_in_vm, id=18400, stack(0x00000073e0a00000,0x00000073e0b00000) (1024K)]
  0x000001c425dba2c0 JavaThread "mysql-cj-abandoned-connection-cleanup" daemon [_thread_blocked, id=2036, stack(0x00000073e0b00000,0x00000073e0c00000) (1024K)]
  0x000001c425dba950 JavaThread "HikariPool-1 housekeeper"   daemon [_thread_blocked, id=792, stack(0x00000073e0d00000,0x00000073e0e00000) (1024K)]
  0x000001c46d6697f0 JavaThread "HikariPool-1 connection adder" daemon [_thread_blocked, id=2148, stack(0x00000073e0e00000,0x00000073e0f00000) (1024K)]
Total: 18

Other Threads:
  0x000001c425d8b1e0 VMThread "VM Thread"                           [id=17960, stack(0x00000073df900000,0x00000073dfa00000) (1024K)]
  0x000001c425d7a0c0 WatcherThread "VM Periodic Task Thread"        [id=16880, stack(0x00000073df800000,0x00000073df900000) (1024K)]
  0x000001c41555dde0 WorkerThread "GC Thread#0"                     [id=17560, stack(0x00000073df300000,0x00000073df400000) (1024K)]
  0x000001c46b6a2420 WorkerThread "GC Thread#1"                     [id=7552, stack(0x00000073e0500000,0x00000073e0600000) (1024K)]
  0x000001c46b6b9d50 WorkerThread "GC Thread#2"                     [id=7948, stack(0x00000073e0600000,0x00000073e0700000) (1024K)]
  0x000001c46b6be270 WorkerThread "GC Thread#3"                     [id=17176, stack(0x00000073e0700000,0x00000073e0800000) (1024K)]
  0x000001c415566890 ConcurrentGCThread "G1 Main Marker"            [id=2792, stack(0x00000073df400000,0x00000073df500000) (1024K)]
  0x000001c415568a60 WorkerThread "G1 Conc#0"                       [id=13220, stack(0x00000073df500000,0x00000073df600000) (1024K)]
  0x000001c4155c36b0 ConcurrentGCThread "G1 Refine#0"               [id=9980, stack(0x00000073df600000,0x00000073df700000) (1024K)]
  0x000001c4155c4140 ConcurrentGCThread "G1 Service"                [id=6872, stack(0x00000073df700000,0x00000073df800000) (1024K)]
Total: 10

Threads with active compile tasks:
Total: 0

VM state: not at safepoint (normal execution)

VM Mutex/Monitor currently owned by a thread:  ([mutex/lock_event])
[0x00007ff8a1b3ab00] Metaspace_lock - owner thread: 0x000001c425dbafe0

OutOfMemory and StackOverflow Exception counts:
OutOfMemoryError java_heap_errors=2
LinkageErrors=113

Heap address: 0x00000000c3000000, size: 976 MB, Compressed Oops mode: 32-bit

CDS archive(s) mapped at: [0x000001c426000000-0x000001c426c60000-0x000001c426c60000), size 12976128, SharedBaseAddress: 0x000001c426000000, ArchiveRelocationMode: 1.
Compressed class space mapped at: 0x000001c427000000-0x000001c467000000, reserved size: 1073741824
Narrow klass base: 0x000001c426000000, Narrow klass shift: 0, Narrow klass range: 0x41000000

GC Precious Log:
 CardTable entry size: 512
 Card Set container configuration: InlinePtr #cards 5 size 8 Array Of Cards #cards 12 size 40 Howl #buckets 4 coarsen threshold 1843 Howl Bitmap #cards 512 size 80 coarsen threshold 460 Card regions per heap region 1 cards per card region 2048
 CPUs: 4 total, 4 available
 Memory: 3899M
 Large Page Support: Disabled
 NUMA Support: Disabled
 Compressed Oops: Enabled (32-bit)
 Heap Region Size: 1M
 Heap Min Capacity: 8M
 Heap Initial Capacity: 62M
 Heap Max Capacity: 976M
 Pre-touch: Disabled
 Parallel Workers: 4
 Concurrent Workers: 1
 Concurrent Refinement Workers: 4
 Periodic GC: Disabled

Heap:
 garbage-first heap   total reserved 999424K, committed 51200K, used 41328K [0x00000000c3000000, 0x0000000100000000)
  region size 1024K, 22 young (22528K), 3 survivors (3072K)
 Metaspace       used 45736K, committed 46336K, reserved 1114112K
  class space    used 6420K, committed 6720K, reserved 1048576K

Heap Regions: E=young(eden), S=young(survivor), O=old, HS=humongous(starts), HC=humongous(continues), CS=collection set, F=free, TAMS=top-at-mark-start, PB=parsable bottom
|   0|0x00000000c3000000, 0x00000000c3100000, 0x00000000c3100000|100%|HS|  |TAMS 0x00000000c3000000| PB 0x00000000c3000000| Complete |  0
|   1|0x00000000c3100000, 0x00000000c3200000, 0x00000000c3200000|100%| O|  |TAMS 0x00000000c3100000| PB 0x00000000c3100000| Untracked |  0
|   2|0x00000000c3200000, 0x00000000c3300000, 0x00000000c3300000|100%| O|  |TAMS 0x00000000c3200000| PB 0x00000000c3200000| Untracked |  0
|   3|0x00000000c3300000, 0x00000000c3400000, 0x00000000c3400000|100%| O|  |TAMS 0x00000000c3300000| PB 0x00000000c3300000| Untracked |  0
|   4|0x00000000c3400000, 0x00000000c3500000, 0x00000000c3500000|100%| O|  |TAMS 0x00000000c3400000| PB 0x00000000c3400000| Untracked |  0
|   5|0x00000000c3500000, 0x00000000c3600000, 0x00000000c3600000|100%| O|  |TAMS 0x00000000c3500000| PB 0x00000000c3500000| Untracked |  0
|   6|0x00000000c3600000, 0x00000000c3700000, 0x00000000c3700000|100%| O|  |TAMS 0x00000000c3600000| PB 0x00000000c3600000| Untracked |  0
|   7|0x00000000c3700000, 0x00000000c3800000, 0x00000000c3800000|100%| O|  |TAMS 0x00000000c3700000| PB 0x00000000c3700000| Untracked |  0
|   8|0x00000000c3800000, 0x00000000c3900000, 0x00000000c3900000|100%| O|  |TAMS 0x00000000c3800000| PB 0x00000000c3800000| Untracked |  0
|   9|0x00000000c3900000, 0x00000000c3a00000, 0x00000000c3a00000|100%| O|  |TAMS 0x00000000c3900000| PB 0x00000000c3900000| Untracked |  0
|  10|0x00000000c3a00000, 0x00000000c3b00000, 0x00000000c3b00000|100%| O|  |TAMS 0x00000000c3a00000| PB 0x00000000c3a00000| Untracked |  0
|  11|0x00000000c3b00000, 0x00000000c3c00000, 0x00000000c3c00000|100%| O|  |TAMS 0x00000000c3b00000| PB 0x00000000c3b00000| Untracked |  0
|  12|0x00000000c3c00000, 0x00000000c3d00000, 0x00000000c3d00000|100%| O|Cm|TAMS 0x00000000c3c00000| PB 0x00000000c3c00000| Complete |  0
|  13|0x00000000c3d00000, 0x00000000c3e00000, 0x00000000c3e00000|100%| O|  |TAMS 0x00000000c3d00000| PB 0x00000000c3d00000| Untracked |  0
|  14|0x00000000c3e00000, 0x00000000c3f00000, 0x00000000c3f00000|100%| O|  |TAMS 0x00000000c3e00000| PB 0x00000000c3e00000| Untracked |  0
|  15|0x00000000c3f00000, 0x00000000c4000000, 0x00000000c4000000|100%| O|  |TAMS 0x00000000c3f00000| PB 0x00000000c3f00000| Untracked |  0
|  16|0x00000000c4000000, 0x00000000c4100000, 0x00000000c4100000|100%| O|  |TAMS 0x00000000c4000000| PB 0x00000000c4000000| Untracked |  0
|  17|0x00000000c4100000, 0x00000000c4200000, 0x00000000c4200000|100%| O|  |TAMS 0x00000000c4100000| PB 0x00000000c4100000| Untracked |  0
|  18|0x00000000c4200000, 0x00000000c4300000, 0x00000000c4300000|100%| O|  |TAMS 0x00000000c4200000| PB 0x00000000c4200000| Untracked |  0
|  19|0x00000000c4300000, 0x00000000c4400000, 0x00000000c4400000|100%| O|  |TAMS 0x00000000c4300000| PB 0x00000000c4300000| Untracked |  0
|  20|0x00000000c4400000, 0x00000000c445c378, 0x00000000c4500000| 36%| O|  |TAMS 0x00000000c4400000| PB 0x00000000c4400000| Untracked |  0
|  21|0x00000000c4500000, 0x00000000c4500000, 0x00000000c4600000|  0%| F|  |TAMS 0x00000000c4500000| PB 0x00000000c4500000| Untracked |  0
|  22|0x00000000c4600000, 0x00000000c4600000, 0x00000000c4700000|  0%| F|  |TAMS 0x00000000c4600000| PB 0x00000000c4600000| Untracked |  0
|  23|0x00000000c4700000, 0x00000000c4700000, 0x00000000c4800000|  0%| F|  |TAMS 0x00000000c4700000| PB 0x00000000c4700000| Untracked |  0
|  24|0x00000000c4800000, 0x00000000c4900000, 0x00000000c4900000|100%| S|CS|TAMS 0x00000000c4800000| PB 0x00000000c4800000| Complete |  0
|  25|0x00000000c4900000, 0x00000000c4a00000, 0x00000000c4a00000|100%| S|CS|TAMS 0x00000000c4900000| PB 0x00000000c4900000| Complete |  0
|  26|0x00000000c4a00000, 0x00000000c4b00000, 0x00000000c4b00000|100%| S|CS|TAMS 0x00000000c4a00000| PB 0x00000000c4a00000| Complete |  0
|  27|0x00000000c4b00000, 0x00000000c4b00000, 0x00000000c4c00000|  0%| F|  |TAMS 0x00000000c4b00000| PB 0x00000000c4b00000| Untracked |  0
|  28|0x00000000c4c00000, 0x00000000c4c00000, 0x00000000c4d00000|  0%| F|  |TAMS 0x00000000c4c00000| PB 0x00000000c4c00000| Untracked |  0
|  29|0x00000000c4d00000, 0x00000000c4d00000, 0x00000000c4e00000|  0%| F|  |TAMS 0x00000000c4d00000| PB 0x00000000c4d00000| Untracked |  0
|  30|0x00000000c4e00000, 0x00000000c4e00000, 0x00000000c4f00000|  0%| F|  |TAMS 0x00000000c4e00000| PB 0x00000000c4e00000| Untracked |  0
|  31|0x00000000c4f00000, 0x00000000c4fbedb8, 0x00000000c5000000| 74%| E|  |TAMS 0x00000000c4f00000| PB 0x00000000c4f00000| Complete |  0
|  32|0x00000000c5000000, 0x00000000c5100000, 0x00000000c5100000|100%| E|CS|TAMS 0x00000000c5000000| PB 0x00000000c5000000| Complete |  0
|  33|0x00000000c5100000, 0x00000000c5200000, 0x00000000c5200000|100%| E|CS|TAMS 0x00000000c5100000| PB 0x00000000c5100000| Complete |  0
|  34|0x00000000c5200000, 0x00000000c5300000, 0x00000000c5300000|100%| E|CS|TAMS 0x00000000c5200000| PB 0x00000000c5200000| Complete |  0
|  35|0x00000000c5300000, 0x00000000c5400000, 0x00000000c5400000|100%| E|CS|TAMS 0x00000000c5300000| PB 0x00000000c5300000| Complete |  0
|  36|0x00000000c5400000, 0x00000000c5500000, 0x00000000c5500000|100%| E|CS|TAMS 0x00000000c5400000| PB 0x00000000c5400000| Complete |  0
|  37|0x00000000c5500000, 0x00000000c5600000, 0x00000000c5600000|100%| E|CS|TAMS 0x00000000c5500000| PB 0x00000000c5500000| Complete |  0
|  38|0x00000000c5600000, 0x00000000c5700000, 0x00000000c5700000|100%| E|  |TAMS 0x00000000c5600000| PB 0x00000000c5600000| Complete |  0
|  39|0x00000000c5700000, 0x00000000c5800000, 0x00000000c5800000|100%| E|CS|TAMS 0x00000000c5700000| PB 0x00000000c5700000| Complete |  0
|  40|0x00000000c5800000, 0x00000000c5900000, 0x00000000c5900000|100%| E|CS|TAMS 0x00000000c5800000| PB 0x00000000c5800000| Complete |  0
|  41|0x00000000c5900000, 0x00000000c5a00000, 0x00000000c5a00000|100%| E|CS|TAMS 0x00000000c5900000| PB 0x00000000c5900000| Complete |  0
|  42|0x00000000c5a00000, 0x00000000c5b00000, 0x00000000c5b00000|100%| E|CS|TAMS 0x00000000c5a00000| PB 0x00000000c5a00000| Complete |  0
|  43|0x00000000c5b00000, 0x00000000c5c00000, 0x00000000c5c00000|100%| E|CS|TAMS 0x00000000c5b00000| PB 0x00000000c5b00000| Complete |  0
|  44|0x00000000c5c00000, 0x00000000c5d00000, 0x00000000c5d00000|100%| E|CS|TAMS 0x00000000c5c00000| PB 0x00000000c5c00000| Complete |  0
|  45|0x00000000c5d00000, 0x00000000c5e00000, 0x00000000c5e00000|100%| E|CS|TAMS 0x00000000c5d00000| PB 0x00000000c5d00000| Complete |  0
|  46|0x00000000c5e00000, 0x00000000c5f00000, 0x00000000c5f00000|100%| E|CS|TAMS 0x00000000c5e00000| PB 0x00000000c5e00000| Complete |  0
|  47|0x00000000c5f00000, 0x00000000c6000000, 0x00000000c6000000|100%| E|CS|TAMS 0x00000000c5f00000| PB 0x00000000c5f00000| Complete |  0
|  50|0x00000000c6200000, 0x00000000c6300000, 0x00000000c6300000|100%| E|CS|TAMS 0x00000000c6200000| PB 0x00000000c6200000| Complete |  0
|  61|0x00000000c6d00000, 0x00000000c6e00000, 0x00000000c6e00000|100%| E|CS|TAMS 0x00000000c6d00000| PB 0x00000000c6d00000| Complete |  0

Card table byte_map: [0x000001c4226e0000,0x000001c4228d0000] _byte_map_base: 0x000001c4220c8000

Marking Bits: (CMBitMap*) 0x000001c41555e400
 Bits: [0x000001c4228d0000, 0x000001c423810000)

Polling page: 0x000001c415390000

Metaspace:

Usage:
  Non-class:     38.39 MB used.
      Class:      6.27 MB used.
       Both:     44.66 MB used.

Virtual space:
  Non-class space:       64.00 MB reserved,      38.69 MB ( 60%) committed,  1 nodes.
      Class space:        1.00 GB reserved,       6.56 MB ( <1%) committed,  1 nodes.
             Both:        1.06 GB reserved,      45.25 MB (  4%) committed. 

Chunk freelists:
   Non-Class:  8.86 MB
       Class:  9.47 MB
        Both:  18.33 MB

MaxMetaspaceSize: unlimited
CompressedClassSpaceSize: 1.00 GB
Initial GC threshold: 21.00 MB
Current GC threshold: 59.19 MB
CDS: on
 - commit_granule_bytes: 65536.
 - commit_granule_words: 8192.
 - virtual_space_node_default_size: 8388608.
 - enlarge_chunks_in_place: 1.
 - use_allocation_guard: 0.


Internal statistics:

num_allocs_failed_limit: 6.
num_arena_births: 730.
num_arena_deaths: 0.
num_vsnodes_births: 2.
num_vsnodes_deaths: 0.
num_space_committed: 724.
num_space_uncommitted: 0.
num_chunks_returned_to_freelist: 6.
num_chunks_taken_from_freelist: 2272.
num_chunk_merges: 6.
num_chunk_splits: 1659.
num_chunks_enlarged: 1299.
num_inconsistent_stats: 0.

CodeCache: size=49152Kb used=9002Kb max_used=9002Kb free=40149Kb
 bounds [0x000001c41f050000, 0x000001c41f920000, 0x000001c422050000]
 total_blobs=5155 nmethods=4532 adapters=546
 compilation: enabled
              stopped_count=0, restarted_count=0
 full_count=0

Compilation events (20 events):
Event: 16.637 Thread 0x000001c46b51ccd0 nmethod 4568 0x000001c41f915e10 code [0x000001c41f915fa0, 0x000001c41f916098]
Event: 16.637 Thread 0x000001c425dccef0 nmethod 4567 0x000001c41f916110 code [0x000001c41f9162c0, 0x000001c41f9164e0]
Event: 16.637 Thread 0x000001c46b51ccd0 4569       1       java.util.Collections$UnmodifiableMap$UnmodifiableEntrySet$1::next (5 bytes)
Event: 16.637 Thread 0x000001c425dccef0 4570       1       java.util.Collections$UnmodifiableMap$UnmodifiableEntrySet$1::next (20 bytes)
Event: 16.638 Thread 0x000001c425dccef0 nmethod 4570 0x000001c41f916590 code [0x000001c41f916760, 0x000001c41f916a68]
Event: 16.638 Thread 0x000001c46b51ccd0 nmethod 4569 0x000001c41f916b90 code [0x000001c41f916d60, 0x000001c41f917070]
Event: 16.652 Thread 0x000001c46b51ccd0 4571       1       java.lang.invoke.MethodHandle::viewAsType (33 bytes)
Event: 16.652 Thread 0x000001c46b51ccd0 nmethod 4571 0x000001c41f917190 code [0x000001c41f917320, 0x000001c41f917418]
Event: 16.686 Thread 0x000001c46b51ccd0 4572       1       jdk.internal.misc.VM::initLevel (4 bytes)
Event: 16.686 Thread 0x000001c46b51ccd0 nmethod 4572 0x000001c41f917e90 code [0x000001c41f918020, 0x000001c41f9180d8]
Event: 16.699 Thread 0x000001c425dccef0 4573       1       java.util.Formatter$FixedString::index (3 bytes)
Event: 16.699 Thread 0x000001c425dccef0 nmethod 4573 0x000001c41f918190 code [0x000001c41f918320, 0x000001c41f9183e8]
Event: 16.746 Thread 0x000001c425dccef0 4575       1       java.lang.invoke.LambdaFormEditor::addArgumentForm (121 bytes)
Event: 16.746 Thread 0x000001c425dccef0 nmethod 4575 0x000001c41f919110 code [0x000001c41f919320, 0x000001c41f9196b0]
Event: 16.746 Thread 0x000001c425dccef0 4577       1       java.lang.invoke.LambdaFormEditor$TransformKey::packedBytes (83 bytes)
Event: 16.746 Thread 0x000001c46b51ccd0 4576       1       java.lang.invoke.LambdaFormEditor$TransformKey::of (83 bytes)
Event: 16.747 Thread 0x000001c425dccef0 nmethod 4577 0x000001c41f919910 code [0x000001c41f919ac0, 0x000001c41f919c78]
Event: 16.747 Thread 0x000001c46b51ccd0 nmethod 4576 0x000001c41f919d90 code [0x000001c41f919f60, 0x000001c41f91a2a0]
Event: 16.747 Thread 0x000001c425dccef0 4578       1       java.lang.ThreadLocal::set (18 bytes)
Event: 16.747 Thread 0x000001c425dccef0 nmethod 4578 0x000001c41f91a490 code [0x000001c41f91a660, 0x000001c41f91a810]

GC Heap History (20 events):
Event: 4.498 GC heap before
{Heap before GC invocations=0 (full 0):
 garbage-first heap   total reserved 999424K, committed 63488K, used 14336K [0x00000000c3000000, 0x0000000100000000)
  region size 1024K, 14 young (14336K), 0 survivors (0K)
 Metaspace       used 3376K, committed 3520K, reserved 1114112K
  class space    used 391K, committed 448K, reserved 1048576K
}
Event: 4.517 GC heap after
{Heap after GC invocations=1 (full 0):
 garbage-first heap   total reserved 999424K, committed 63488K, used 7136K [0x00000000c3000000, 0x0000000100000000)
  region size 1024K, 2 young (2048K), 2 survivors (2048K)
 Metaspace       used 3376K, committed 3520K, reserved 1114112K
  class space    used 391K, committed 448K, reserved 1048576K
}
Event: 5.679 GC heap before
{Heap before GC invocations=1 (full 0):
 garbage-first heap   total reserved 999424K, committed 63488K, used 19424K [0x00000000c3000000, 0x0000000100000000)
  region size 1024K, 14 young (14336K), 2 survivors (2048K)
 Metaspace       used 7512K, committed 7744K, reserved 1114112K
  class space    used 944K, committed 1024K, reserved 1048576K
}
Event: 5.689 GC heap after
{Heap after GC invocations=2 (full 0):
 garbage-first heap   total reserved 999424K, committed 63488K, used 8373K [0x00000000c3000000, 0x0000000100000000)
  region size 1024K, 2 young (2048K), 2 survivors (2048K)
 Metaspace       used 7512K, committed 7744K, reserved 1114112K
  class space    used 944K, committed 1024K, reserved 1048576K
}
Event: 7.156 GC heap before
{Heap before GC invocations=2 (full 0):
 garbage-first heap   total reserved 999424K, committed 63488K, used 32949K [0x00000000c3000000, 0x0000000100000000)
  region size 1024K, 27 young (27648K), 2 survivors (2048K)
 Metaspace       used 14075K, committed 14336K, reserved 1114112K
  class space    used 1874K, committed 1984K, reserved 1048576K
}
Event: 7.169 GC heap after
{Heap after GC invocations=3 (full 0):
 garbage-first heap   total reserved 999424K, committed 63488K, used 10330K [0x00000000c3000000, 0x0000000100000000)
  region size 1024K, 4 young (4096K), 4 survivors (4096K)
 Metaspace       used 14075K, committed 14336K, reserved 1114112K
  class space    used 1874K, committed 1984K, reserved 1048576K
}
Event: 8.265 GC heap before
{Heap before GC invocations=3 (full 0):
 garbage-first heap   total reserved 999424K, committed 63488K, used 43098K [0x00000000c3000000, 0x0000000100000000)
  region size 1024K, 37 young (37888K), 4 survivors (4096K)
 Metaspace       used 20393K, committed 20736K, reserved 1114112K
  class space    used 2697K, committed 2816K, reserved 1048576K
}
Event: 8.284 GC heap after
{Heap after GC invocations=4 (full 0):
 garbage-first heap   total reserved 999424K, committed 63488K, used 13445K [0x00000000c3000000, 0x0000000100000000)
  region size 1024K, 5 young (5120K), 5 survivors (5120K)
 Metaspace       used 20393K, committed 20736K, reserved 1114112K
  class space    used 2697K, committed 2816K, reserved 1048576K
}
Event: 9.119 GC heap before
{Heap before GC invocations=4 (full 0):
 garbage-first heap   total reserved 999424K, committed 63488K, used 23685K [0x00000000c3000000, 0x0000000100000000)
  region size 1024K, 16 young (16384K), 5 survivors (5120K)
 Metaspace       used 21183K, committed 21504K, reserved 1114112K
  class space    used 2807K, committed 2944K, reserved 1048576K
}
Event: 9.134 GC heap after
{Heap after GC invocations=5 (full 0):
 garbage-first heap   total reserved 999424K, committed 63488K, used 14792K [0x00000000c3000000, 0x0000000100000000)
  region size 1024K, 1 young (1024K), 1 survivors (1024K)
 Metaspace       used 21183K, committed 21504K, reserved 1114112K
  class space    used 2807K, committed 2944K, reserved 1048576K
}
Event: 10.783 GC heap before
{Heap before GC invocations=6 (full 0):
 garbage-first heap   total reserved 999424K, committed 51200K, used 44488K [0x00000000c3000000, 0x0000000100000000)
  region size 1024K, 30 young (30720K), 1 survivors (1024K)
 Metaspace       used 24234K, committed 24576K, reserved 1114112K
  class space    used 3249K, committed 3392K, reserved 1048576K
}
Event: 10.794 GC heap after
{Heap after GC invocations=7 (full 0):
 garbage-first heap   total reserved 999424K, committed 51200K, used 16815K [0x00000000c3000000, 0x0000000100000000)
  region size 1024K, 3 young (3072K), 3 survivors (3072K)
 Metaspace       used 24234K, committed 24576K, reserved 1114112K
  class space    used 3249K, committed 3392K, reserved 1048576K
}
Event: 12.298 GC heap before
{Heap before GC invocations=7 (full 0):
 garbage-first heap   total reserved 999424K, committed 51200K, used 41391K [0x00000000c3000000, 0x0000000100000000)
  region size 1024K, 27 young (27648K), 3 survivors (3072K)
 Metaspace       used 27848K, committed 28352K, reserved 1114112K
  class space    used 3823K, committed 4032K, reserved 1048576K
}
Event: 12.308 GC heap after
{Heap after GC invocations=8 (full 0):
 garbage-first heap   total reserved 999424K, committed 51200K, used 18583K [0x00000000c3000000, 0x0000000100000000)
  region size 1024K, 4 young (4096K), 4 survivors (4096K)
 Metaspace       used 27848K, committed 28352K, reserved 1114112K
  class space    used 3823K, committed 4032K, reserved 1048576K
}
Event: 13.165 GC heap before
{Heap before GC invocations=8 (full 0):
 garbage-first heap   total reserved 999424K, committed 51200K, used 42135K [0x00000000c3000000, 0x0000000100000000)
  region size 1024K, 27 young (27648K), 4 survivors (4096K)
 Metaspace       used 30534K, committed 31104K, reserved 1114112K
  class space    used 4206K, committed 4480K, reserved 1048576K
}
Event: 13.181 GC heap after
{Heap after GC invocations=9 (full 0):
 garbage-first heap   total reserved 999424K, committed 51200K, used 20798K [0x00000000c3000000, 0x0000000100000000)
  region size 1024K, 2 young (2048K), 2 survivors (2048K)
 Metaspace       used 30534K, committed 31104K, reserved 1114112K
  class space    used 4206K, committed 4480K, reserved 1048576K
}
Event: 14.633 GC heap before
{Heap before GC invocations=9 (full 0):
 garbage-first heap   total reserved 999424K, committed 51200K, used 39230K [0x00000000c3000000, 0x0000000100000000)
  region size 1024K, 21 young (21504K), 2 survivors (2048K)
 Metaspace       used 35492K, committed 36096K, reserved 1114112K
  class space    used 4956K, committed 5248K, reserved 1048576K
}
Event: 14.639 GC heap after
{Heap after GC invocations=10 (full 0):
 garbage-first heap   total reserved 999424K, committed 51200K, used 21886K [0x00000000c3000000, 0x0000000100000000)
  region size 1024K, 2 young (2048K), 2 survivors (2048K)
 Metaspace       used 35492K, committed 36096K, reserved 1114112K
  class space    used 4956K, committed 5248K, reserved 1048576K
}
Event: 15.668 GC heap before
{Heap before GC invocations=11 (full 0):
 garbage-first heap   total reserved 999424K, committed 51200K, used 43390K [0x00000000c3000000, 0x0000000100000000)
  region size 1024K, 23 young (23552K), 2 survivors (2048K)
 Metaspace       used 41122K, committed 41728K, reserved 1114112K
  class space    used 5815K, committed 6080K, reserved 1048576K
}
Event: 15.676 GC heap after
{Heap after GC invocations=12 (full 0):
 garbage-first heap   total reserved 999424K, committed 51200K, used 23920K [0x00000000c3000000, 0x0000000100000000)
  region size 1024K, 3 young (3072K), 3 survivors (3072K)
 Metaspace       used 41122K, committed 41728K, reserved 1114112K
  class space    used 5815K, committed 6080K, reserved 1048576K
}

Dll operation events (13 events):
Event: 0.026 Loaded shared library C:\Users\AichDiallo\.jdks\openjdk-22.0.2\bin\java.dll
Event: 0.405 Loaded shared library C:\Users\AichDiallo\.jdks\openjdk-22.0.2\bin\zip.dll
Event: 0.429 Loaded shared library C:\Users\AichDiallo\.jdks\openjdk-22.0.2\bin\instrument.dll
Event: 0.444 Loaded shared library C:\Users\AichDiallo\.jdks\openjdk-22.0.2\bin\net.dll
Event: 0.450 Loaded shared library C:\Users\AichDiallo\.jdks\openjdk-22.0.2\bin\nio.dll
Event: 0.460 Loaded shared library C:\Users\AichDiallo\.jdks\openjdk-22.0.2\bin\zip.dll
Event: 2.083 Loaded shared library C:\Program Files\JetBrains\IntelliJ IDEA 2024.1.1\bin\breakgen64.dll
Event: 3.126 Loaded shared library C:\Users\AichDiallo\.jdks\openjdk-22.0.2\bin\jimage.dll
Event: 3.459 Loaded shared library C:\Users\AichDiallo\.jdks\openjdk-22.0.2\bin\extnet.dll
Event: 3.586 Loaded shared library C:\Users\AichDiallo\.jdks\openjdk-22.0.2\bin\management.dll
Event: 3.670 Loaded shared library C:\Users\AichDiallo\.jdks\openjdk-22.0.2\bin\management_ext.dll
Event: 7.989 Loaded shared library C:\Users\AichDiallo\.jdks\openjdk-22.0.2\bin\sunmscapi.dll
Event: 14.500 Loaded shared library C:\Users\AichDiallo\.jdks\openjdk-22.0.2\bin\verify.dll

Deoptimization events (0 events):
No events

Classes loaded (20 events):
Event: 16.272 Loading class java/util/stream/ReduceOps$1ReducingSink
Event: 16.273 Loading class java/util/stream/ReduceOps$1ReducingSink done
Event: 16.364 Loading class java/awt/datatransfer/Transferable
Event: 16.364 Loading class java/awt/datatransfer/Transferable done
Event: 16.525 Loading class javax/naming/RefAddr
Event: 16.525 Loading class javax/naming/RefAddr done
Event: 16.525 Loading class javax/naming/StringRefAddr
Event: 16.525 Loading class javax/naming/StringRefAddr done
Event: 16.568 Loading class java/util/concurrent/CompletionStage
Event: 16.569 Loading class java/util/concurrent/CompletionStage done
Event: 16.570 Loading class java/util/concurrent/CompletableFuture
Event: 16.572 Loading class java/util/concurrent/CompletableFuture done
Event: 16.573 Loading class java/util/concurrent/CompletableFuture$AltResult
Event: 16.573 Loading class java/util/concurrent/CompletableFuture$AltResult done
Event: 16.574 Loading class java/util/concurrent/CompletableFuture$Completion
Event: 16.575 Loading class java/util/concurrent/CompletableFuture$AsynchronousCompletionTask
Event: 16.575 Loading class java/util/concurrent/CompletableFuture$AsynchronousCompletionTask done
Event: 16.575 Loading class java/util/concurrent/CompletableFuture$Completion done
Event: 16.673 Loading class java/util/concurrent/CancellationException
Event: 16.673 Loading class java/util/concurrent/CancellationException done

Classes unloaded (0 events):
No events

Classes redefined (0 events):
No events

Internal exceptions (20 events):
Event: 12.783 Thread 0x000001c425dbafe0 Exception <a 'sun/nio/fs/WindowsException'{0x00000000c54568c8}> (0x00000000c54568c8) 
thrown [s\open\src\hotspot\share\prims\jni.cpp, line 520]
Event: 12.793 Thread 0x000001c425dbafe0 Exception <a 'java/lang/NoSuchMethodError'{0x00000000c546ef50}: 'int java.lang.invoke.DirectMethodHandle$Holder.invokeVirtual(java.lang.Object, java.lang.Object, java.lang.Object, java.lang.Object)'> (0x00000000c546ef50) 
thrown [s\open\src\hotspot\share\interpreter\linkResolver.cpp, line 774]
Event: 12.794 Thread 0x000001c425dbafe0 Exception <a 'java/lang/NoSuchMethodError'{0x00000000c5472a38}: 'int java.lang.invoke.DelegatingMethodHandle$Holder.reinvoke_L(java.lang.Object, java.lang.Object, java.lang.Object, java.lang.Object)'> (0x00000000c5472a38) 
thrown [s\open\src\hotspot\share\interpreter\linkResolver.cpp, line 774]
Event: 12.920 Thread 0x000001c425dbafe0 Exception <a 'java/io/FileNotFoundException'{0x00000000c52cce60}> (0x00000000c52cce60) 
thrown [s\open\src\hotspot\share\prims\jni.cpp, line 520]
Event: 12.975 Thread 0x000001c425dbafe0 Exception <a 'java/lang/NoSuchMethodError'{0x00000000c50922a0}: 'int java.lang.invoke.DirectMethodHandle$Holder.invokeInterface(java.lang.Object, java.lang.Object, java.lang.Object, java.lang.Object)'> (0x00000000c50922a0) 
thrown [s\open\src\hotspot\share\interpreter\linkResolver.cpp, line 774]
Event: 13.047 Thread 0x000001c425dbafe0 Exception <a 'java/lang/NoSuchMethodError'{0x00000000c4faf6a8}: 'void java.lang.invoke.Invokers$Holder.invokeExact_MT(java.lang.Object, java.lang.Object, java.lang.Object, java.lang.Object)'> (0x00000000c4faf6a8) 
thrown [s\open\src\hotspot\share\interpreter\linkResolver.cpp, line 774]
Event: 13.050 Thread 0x000001c425dbafe0 Exception <a 'java/lang/NoSuchMethodError'{0x00000000c4fb9ad0}: 'long java.lang.invoke.DelegatingMethodHandle$Holder.reinvoke_L(java.lang.Object, java.lang.Object)'> (0x00000000c4fb9ad0) 
thrown [s\open\src\hotspot\share\interpreter\linkResolver.cpp, line 774]
Event: 13.052 Thread 0x000001c425dbafe0 Exception <a 'java/lang/NoSuchMethodError'{0x00000000c4fc3e48}: 'void java.lang.invoke.DelegatingMethodHandle$Holder.reinvoke_L(java.lang.Object, java.lang.Object, long)'> (0x00000000c4fc3e48) 
thrown [s\open\src\hotspot\share\interpreter\linkResolver.cpp, line 774]
Event: 13.218 Thread 0x000001c425dbafe0 Exception <a 'java/lang/NoSuchMethodError'{0x00000000c62153b0}: 'java.lang.Object java.lang.invoke.DirectMethodHandle$Holder.newInvokeSpecial(java.lang.Object, java.lang.Object, java.lang.Object, java.lang.Object, java.lang.Object, java.lang.Object, java.lang.Object, java.lang.Object, java.lang.Object, java.lang.Object, java.lang.Object)'> (0x00000000c62153b0) 
thrown [s\open\src\hotspot\share\interpreter\linkResolver.cpp, line 774]
Event: 13.469 Thread 0x000001c425dbafe0 Exception <a 'java/lang/NoSuchMethodError'{0x00000000c5d4f2b8}: 'void java.lang.invoke.DelegatingMethodHandle$Holder.reinvoke_L(java.lang.Object, java.lang.Object, java.lang.Object, java.lang.Object, int, java.lang.Object, java.lang.Object, java.lang.Object)'> (0x00000000c5d4f2b8) 
thrown [s\open\src\hotspot\share\interpreter\linkResolver.cpp, line 774]
Event: 15.084 Thread 0x000001c425dbafe0 Exception <a 'java/lang/NoSuchMethodError'{0x00000000c5962b30}: 'int java.lang.invoke.DirectMethodHandle$Holder.invokeStatic(java.lang.Object)'> (0x00000000c5962b30) 
thrown [s\open\src\hotspot\share\interpreter\linkResolver.cpp, line 774]
Event: 15.586 Thread 0x000001c425dbafe0 Exception <a 'java/lang/NoSuchMethodError'{0x00000000c4fac7e0}: 'java.lang.Object java.lang.invoke.DirectMethodHandle$Holder.invokeStaticInit(java.lang.Object, java.lang.Object, java.lang.Object, java.lang.Object)'> (0x00000000c4fac7e0) 
thrown [s\open\src\hotspot\share\interpreter\linkResolver.cpp, line 774]
Event: 15.599 Thread 0x000001c425dbafe0 Exception <a 'java/lang/NoSuchMethodError'{0x00000000c4c38768}: 'int java.lang.invoke.Invokers$Holder.invokeExact_MT(java.lang.Object, java.lang.Object)'> (0x00000000c4c38768) 
thrown [s\open\src\hotspot\share\interpreter\linkResolver.cpp, line 774]
Event: 16.223 Thread 0x000001c425dbafe0 Exception <a 'java/lang/NoSuchMethodError'{0x00000000c5becf68}: 'java.lang.Object java.lang.invoke.DirectMethodHandle$Holder.newInvokeSpecial(java.lang.Object, java.lang.Object, java.lang.Object, java.lang.Object, java.lang.Object, java.lang.Object)'> (0x00000000c5becf68) 
thrown [s\open\src\hotspot\share\interpreter\linkResolver.cpp, line 774]
Event: 16.326 Thread 0x000001c425dbafe0 Exception <a 'java/lang/NoSuchMethodError'{0x00000000c5988d78}: 'java.lang.Object java.lang.invoke.DirectMethodHandle$Holder.newInvokeSpecial(java.lang.Object, java.lang.Object, int)'> (0x00000000c5988d78) 
thrown [s\open\src\hotspot\share\interpreter\linkResolver.cpp, line 774]
Event: 16.687 Thread 0x000001c425dbafe0 Exception <a 'java/lang/IncompatibleClassChangeError'{0x00000000c51b31a0}: Found class java.lang.Object, but interface was expected> (0x00000000c51b31a0) 
thrown [s\open\src\hotspot\share\interpreter\linkResolver.cpp, line 841]
Event: 16.714 Thread 0x000001c425dbafe0 Exception <a 'java/lang/NoSuchMethodError'{0x00000000c5067bd8}: 'java.lang.Object java.lang.invoke.DirectMethodHandle$Holder.invokeStatic(java.lang.Object, java.lang.Object, int, java.lang.Object)'> (0x00000000c5067bd8) 
thrown [s\open\src\hotspot\share\interpreter\linkResolver.cpp, line 774]
Event: 16.714 Thread 0x000001c425dbafe0 Exception <a 'java/lang/NoSuchMethodError'{0x00000000c506bc10}: 'java.lang.Object java.lang.invoke.DirectMethodHandle$Holder.invokeStaticInit(java.lang.Object, java.lang.Object, int, java.lang.Object)'> (0x00000000c506bc10) 
thrown [s\open\src\hotspot\share\interpreter\linkResolver.cpp, line 774]
Event: 16.745 Thread 0x000001c425dbafe0 Exception <a 'java/lang/OutOfMemoryError'{0x00000000c4f83968}> (0x00000000c4f83968) 
thrown [s\open\src\hotspot\share\prims\jni.cpp, line 539]
Event: 16.749 Thread 0x000001c425dbafe0 Exception <a 'java/lang/OutOfMemoryError'{0x00000000c4fa2e08}> (0x00000000c4fa2e08) 
thrown [s\open\src\hotspot\share\prims\jni.cpp, line 539]

ZGC Phase Switch (0 events):
No events

VM Operations (20 events):
Event: 12.298 Executing VM operation: G1CollectForAllocation (G1 Evacuation Pause)
Event: 12.308 Executing VM operation: G1CollectForAllocation (G1 Evacuation Pause) done
Event: 12.470 Executing VM operation: HandshakeAllThreads (Deoptimize)
Event: 12.470 Executing VM operation: HandshakeAllThreads (Deoptimize) done
Event: 12.877 Executing VM operation: HandshakeAllThreads (Deoptimize)
Event: 12.877 Executing VM operation: HandshakeAllThreads (Deoptimize) done
Event: 13.165 Executing VM operation: G1CollectForAllocation (G1 Evacuation Pause)
Event: 13.181 Executing VM operation: G1CollectForAllocation (G1 Evacuation Pause) done
Event: 13.933 Executing VM operation: HandshakeAllThreads (Deoptimize)
Event: 13.933 Executing VM operation: HandshakeAllThreads (Deoptimize) done
Event: 14.633 Executing VM operation: CollectForMetadataAllocation (Metadata GC Threshold)
Event: 14.640 Executing VM operation: CollectForMetadataAllocation (Metadata GC Threshold) done
Event: 14.699 Executing VM operation: G1PauseRemark
Event: 14.703 Executing VM operation: G1PauseRemark done
Event: 14.722 Executing VM operation: G1PauseCleanup
Event: 14.723 Executing VM operation: G1PauseCleanup done
Event: 15.668 Executing VM operation: G1CollectForAllocation (G1 Evacuation Pause)
Event: 15.676 Executing VM operation: G1CollectForAllocation (G1 Evacuation Pause) done
Event: 16.676 Executing VM operation: Cleanup
Event: 16.676 Executing VM operation: Cleanup done

Memory protections (0 events):
No events

Nmethod flushes (20 events):
Event: 14.702 Thread 0x000001c425d8b1e0 flushing  nmethod 0x000001c41f39f790
Event: 14.702 Thread 0x000001c425d8b1e0 flushing  nmethod 0x000001c41f517610
Event: 14.702 Thread 0x000001c425d8b1e0 flushing  nmethod 0x000001c41f5a2c90
Event: 14.702 Thread 0x000001c425d8b1e0 flushing  nmethod 0x000001c41f195e10
Event: 14.702 Thread 0x000001c425d8b1e0 flushing  nmethod 0x000001c41f1eed90
Event: 14.702 Thread 0x000001c425d8b1e0 flushing  nmethod 0x000001c41f223f10
Event: 14.702 Thread 0x000001c425d8b1e0 flushing  nmethod 0x000001c41f23ee10
Event: 14.702 Thread 0x000001c425d8b1e0 flushing  nmethod 0x000001c41f254190
Event: 14.702 Thread 0x000001c425d8b1e0 flushing  nmethod 0x000001c41f256610
Event: 14.702 Thread 0x000001c425d8b1e0 flushing  nmethod 0x000001c41f256b10
Event: 14.702 Thread 0x000001c425d8b1e0 flushing  nmethod 0x000001c41f277210
Event: 14.702 Thread 0x000001c425d8b1e0 flushing  nmethod 0x000001c41f279690
Event: 14.702 Thread 0x000001c425d8b1e0 flushing  nmethod 0x000001c41f279a90
Event: 14.702 Thread 0x000001c425d8b1e0 flushing  nmethod 0x000001c41f27a090
Event: 14.702 Thread 0x000001c425d8b1e0 flushing  nmethod 0x000001c41f27a590
Event: 14.702 Thread 0x000001c425d8b1e0 flushing  nmethod 0x000001c41f27ab10
Event: 14.702 Thread 0x000001c425d8b1e0 flushing  nmethod 0x000001c41f330e90
Event: 14.702 Thread 0x000001c425d8b1e0 flushing  nmethod 0x000001c41f331790
Event: 14.702 Thread 0x000001c425d8b1e0 flushing  nmethod 0x000001c41f343b10
Event: 14.702 Thread 0x000001c425d8b1e0 flushing  nmethod 0x000001c41f5d1810

Events (20 events):
Event: 0.101 Thread 0x000001c415420510 Thread added: 0x000001c425db4180
Event: 0.101 Thread 0x000001c415420510 Thread added: 0x000001c425db8460
Event: 0.101 Thread 0x000001c415420510 Thread added: 0x000001c425dbb670
Event: 0.101 Thread 0x000001c415420510 Thread added: 0x000001c425dccef0
Event: 0.340 Thread 0x000001c415420510 Thread added: 0x000001c425dbc390
Event: 0.362 Thread 0x000001c425dccef0 Thread added: 0x000001c425d7b170
Event: 2.231 Thread 0x000001c415420510 Thread added: 0x000001c425dbbd00
Event: 2.231 Thread 0x000001c415420510 Thread added: 0x000001c425db8f10
Event: 2.608 Thread 0x000001c425d7b170 Thread exited: 0x000001c425d7b170
Event: 3.654 Thread 0x000001c425dccef0 Thread added: 0x000001c46b51ccd0
Event: 4.824 Thread 0x000001c415420510 Thread added: 0x000001c425db95a0
Event: 5.781 Thread 0x000001c415420510 Thread added: 0x000001c425db9c30
Event: 5.798 Thread 0x000001c425db9c30 Thread added: 0x000001c425dbafe0
Event: 6.883 Thread 0x000001c425dbafe0 Thread added: 0x000001c425dba2c0
Event: 7.905 Thread 0x000001c425dbafe0 Thread added: 0x000001c425dba950
Event: 8.001 Thread 0x000001c425dba2c0 Thread exited: 0x000001c425dba2c0
Event: 8.099 Thread 0x000001c425dba950 Thread exited: 0x000001c425dba950
Event: 13.141 Thread 0x000001c425dbafe0 Thread added: 0x000001c425dba2c0
Event: 15.495 Thread 0x000001c425dbafe0 Thread added: 0x000001c425dba950
Event: 15.606 Thread 0x000001c425dba950 Thread added: 0x000001c46d6697f0


Dynamic libraries:
0x00007ff7abda0000 - 0x00007ff7abdae000 	C:\Users\AichDiallo\.jdks\openjdk-22.0.2\bin\java.exe
0x00007ff8e7d50000 - 0x00007ff8e7f48000 	C:\Windows\SYSTEM32\ntdll.dll
0x00007ff8e7b80000 - 0x00007ff8e7c41000 	C:\Windows\System32\KERNEL32.DLL
0x00007ff8e5400000 - 0x00007ff8e56fd000 	C:\Windows\System32\KERNELBASE.dll
0x00007ff8e5850000 - 0x00007ff8e5950000 	C:\Windows\System32\ucrtbase.dll
0x00007ff8db5f0000 - 0x00007ff8db607000 	C:\Users\AichDiallo\.jdks\openjdk-22.0.2\bin\jli.dll
0x00007ff8db330000 - 0x00007ff8db34b000 	C:\Users\AichDiallo\.jdks\openjdk-22.0.2\bin\VCRUNTIME140.dll
0x00007ff8e5ec0000 - 0x00007ff8e605d000 	C:\Windows\System32\USER32.dll
0x00007ff8c1880000 - 0x00007ff8c1b1a000 	C:\Windows\WinSxS\amd64_microsoft.windows.common-controls_6595b64144ccf1df_6.0.19041.4355_none_60b8b9eb71f62e16\COMCTL32.dll
0x00007ff8e5d50000 - 0x00007ff8e5d72000 	C:\Windows\System32\win32u.dll
0x00007ff8e7cc0000 - 0x00007ff8e7ceb000 	C:\Windows\System32\GDI32.dll
0x00007ff8e6fe0000 - 0x00007ff8e707e000 	C:\Windows\System32\msvcrt.dll
0x00007ff8e5700000 - 0x00007ff8e5817000 	C:\Windows\System32\gdi32full.dll
0x00007ff8e5ac0000 - 0x00007ff8e5b5d000 	C:\Windows\System32\msvcp_win.dll
0x00007ff8e7080000 - 0x00007ff8e70af000 	C:\Windows\System32\IMM32.DLL
0x00007ff8db6d0000 - 0x00007ff8db6dc000 	C:\Users\AichDiallo\.jdks\openjdk-22.0.2\bin\vcruntime140_1.dll
0x00007ff8db090000 - 0x00007ff8db11e000 	C:\Users\AichDiallo\.jdks\openjdk-22.0.2\bin\msvcp140.dll
0x00007ff8a0ed0000 - 0x00007ff8a1c19000 	C:\Users\AichDiallo\.jdks\openjdk-22.0.2\bin\server\jvm.dll
0x00007ff8e7ad0000 - 0x00007ff8e7b80000 	C:\Windows\System32\ADVAPI32.dll
0x00007ff8e6f30000 - 0x00007ff8e6fd0000 	C:\Windows\System32\sechost.dll
0x00007ff8e6180000 - 0x00007ff8e62a3000 	C:\Windows\System32\RPCRT4.dll
0x00007ff8e5820000 - 0x00007ff8e5847000 	C:\Windows\System32\bcrypt.dll
0x00007ff8e7c50000 - 0x00007ff8e7cbb000 	C:\Windows\System32\WS2_32.dll
0x00007ff8e5250000 - 0x00007ff8e529b000 	C:\Windows\SYSTEM32\POWRPROF.dll
0x00007ff8ceda0000 - 0x00007ff8cedc7000 	C:\Windows\SYSTEM32\WINMM.dll
0x00007ff8dd090000 - 0x00007ff8dd09a000 	C:\Windows\SYSTEM32\VERSION.dll
0x00007ff8e5230000 - 0x00007ff8e5242000 	C:\Windows\SYSTEM32\UMPDC.dll
0x00007ff8e3c10000 - 0x00007ff8e3c22000 	C:\Windows\SYSTEM32\kernel.appcore.dll
0x00007ff8db320000 - 0x00007ff8db32a000 	C:\Users\AichDiallo\.jdks\openjdk-22.0.2\bin\jimage.dll
0x00007ff8e3930000 - 0x00007ff8e3b14000 	C:\Windows\SYSTEM32\DBGHELP.DLL
0x00007ff8dc400000 - 0x00007ff8dc434000 	C:\Windows\SYSTEM32\dbgcore.DLL
0x00007ff8e5b60000 - 0x00007ff8e5be2000 	C:\Windows\System32\bcryptPrimitives.dll
0x00007ff8deee0000 - 0x00007ff8deeef000 	C:\Users\AichDiallo\.jdks\openjdk-22.0.2\bin\instrument.dll
0x00007ff8db2e0000 - 0x00007ff8db2fe000 	C:\Users\AichDiallo\.jdks\openjdk-22.0.2\bin\java.dll
0x00007ff8e7300000 - 0x00007ff8e7a6f000 	C:\Windows\System32\SHELL32.dll
0x00007ff8e71d0000 - 0x00007ff8e72fb000 	C:\Windows\System32\ole32.dll
0x00007ff8e6bd0000 - 0x00007ff8e6f23000 	C:\Windows\System32\combase.dll
0x00007ff8e30c0000 - 0x00007ff8e385f000 	C:\Windows\SYSTEM32\windows.storage.dll
0x00007ff8e4d50000 - 0x00007ff8e4d7e000 	C:\Windows\SYSTEM32\Wldp.dll
0x00007ff8e6af0000 - 0x00007ff8e6bbd000 	C:\Windows\System32\OLEAUT32.dll
0x00007ff8e6070000 - 0x00007ff8e611d000 	C:\Windows\System32\SHCORE.dll
0x00007ff8e7a70000 - 0x00007ff8e7ac5000 	C:\Windows\System32\shlwapi.dll
0x00007ff8e5330000 - 0x00007ff8e5354000 	C:\Windows\SYSTEM32\profapi.dll
0x00007ff8db050000 - 0x00007ff8db067000 	C:\Users\AichDiallo\.jdks\openjdk-22.0.2\bin\zip.dll
0x00007ff8db1b0000 - 0x00007ff8db1c0000 	C:\Users\AichDiallo\.jdks\openjdk-22.0.2\bin\net.dll
0x00007ff8e4ab0000 - 0x00007ff8e4b1a000 	C:\Windows\system32\mswsock.dll
0x00007ff8db070000 - 0x00007ff8db086000 	C:\Users\AichDiallo\.jdks\openjdk-22.0.2\bin\nio.dll
0x00007ff8deea0000 - 0x00007ff8deeba000 	C:\Program Files\JetBrains\IntelliJ IDEA 2024.1.1\bin\breakgen64.dll
0x00007ff8e47d0000 - 0x00007ff8e489a000 	C:\Windows\SYSTEM32\DNSAPI.dll
0x00007ff8e4790000 - 0x00007ff8e47cb000 	C:\Windows\SYSTEM32\IPHLPAPI.DLL
0x00007ff8e6060000 - 0x00007ff8e6068000 	C:\Windows\System32\NSI.dll
0x00007ff8d9c70000 - 0x00007ff8d9c79000 	C:\Users\AichDiallo\.jdks\openjdk-22.0.2\bin\extnet.dll
0x0000000054060000 - 0x0000000054086000 	C:\Program Files\Bonjour\mdnsNSP.dll
0x00007ff8dd300000 - 0x00007ff8dd30a000 	C:\Windows\System32\rasadhlp.dll
0x00007ff8d1570000 - 0x00007ff8d15f0000 	C:\Windows\System32\fwpuclnt.dll
0x00007ff8decd0000 - 0x00007ff8decda000 	C:\Users\AichDiallo\.jdks\openjdk-22.0.2\bin\management.dll
0x00007ff8decc0000 - 0x00007ff8deccb000 	C:\Users\AichDiallo\.jdks\openjdk-22.0.2\bin\management_ext.dll
0x00007ff8e6fd0000 - 0x00007ff8e6fd8000 	C:\Windows\System32\PSAPI.DLL
0x00007ff8e4cb0000 - 0x00007ff8e4cc8000 	C:\Windows\SYSTEM32\CRYPTSP.dll
0x00007ff8e43d0000 - 0x00007ff8e4404000 	C:\Windows\system32\rsaenh.dll
0x00007ff8e52e0000 - 0x00007ff8e530e000 	C:\Windows\SYSTEM32\USERENV.dll
0x00007ff8e4ca0000 - 0x00007ff8e4cac000 	C:\Windows\SYSTEM32\CRYPTBASE.dll
0x00007ff8de970000 - 0x00007ff8de987000 	C:\Windows\system32\napinsp.dll
0x00007ff8de950000 - 0x00007ff8de96b000 	C:\Windows\system32\pnrpnsp.dll
0x00007ff8df730000 - 0x00007ff8df745000 	C:\Windows\system32\wshbth.dll
0x00007ff8dd160000 - 0x00007ff8dd17d000 	C:\Windows\system32\NLAapi.dll
0x00007ff8de930000 - 0x00007ff8de942000 	C:\Windows\System32\winrnr.dll
0x00007ff8de7e0000 - 0x00007ff8de7ee000 	C:\Users\AichDiallo\.jdks\openjdk-22.0.2\bin\sunmscapi.dll
0x00007ff8e5bf0000 - 0x00007ff8e5d4e000 	C:\Windows\System32\CRYPT32.dll
0x00007ff8e4dc0000 - 0x00007ff8e4de9000 	C:\Windows\SYSTEM32\ncrypt.dll
0x00007ff8e4d80000 - 0x00007ff8e4dbb000 	C:\Windows\SYSTEM32\NTASN1.dll
0x00007ff8d01d0000 - 0x00007ff8d01e0000 	C:\Users\AichDiallo\.jdks\openjdk-22.0.2\bin\verify.dll

dbghelp: loaded successfully - version: 4.0.5 - missing functions: none
symbol engine: initialized successfully - sym options: 0x614 - pdb path: .;C:\Users\AichDiallo\.jdks\openjdk-22.0.2\bin;C:\Windows\SYSTEM32;C:\Windows\WinSxS\amd64_microsoft.windows.common-controls_6595b64144ccf1df_6.0.19041.4355_none_60b8b9eb71f62e16;C:\Users\AichDiallo\.jdks\openjdk-22.0.2\bin\server;C:\Program Files\JetBrains\IntelliJ IDEA 2024.1.1\bin;C:\Program Files\Bonjour

VM Arguments:
jvm_args: -XX:TieredStopAtLevel=1 -Dspring.output.ansi.enabled=always -Dcom.sun.management.jmxremote -Dspring.jmx.enabled=true -Dspring.liveBeansView.mbeanDomain -Dspring.application.admin.enabled=true -Dmanagement.endpoints.jmx.exposure.include=* -javaagent:C:\Program Files\JetBrains\IntelliJ IDEA 2024.1.1\lib\idea_rt.jar=51676:C:\Program Files\JetBrains\IntelliJ IDEA 2024.1.1\bin -Dfile.encoding=UTF-8 -Dsun.stdout.encoding=UTF-8 -Dsun.stderr.encoding=UTF-8 
java_command: SPA.dev.Stock.StockApplication
java_class_path (initial): C:\Users\AichDiallo\Pictures\Stock\target\classes;C:\Users\AichDiallo\.m2\repository\org\springframework\boot\spring-boot-starter-data-jpa\3.3.2\spring-boot-starter-data-jpa-3.3.2.jar;C:\Users\AichDiallo\.m2\repository\org\springframework\boot\spring-boot-starter-aop\3.3.2\spring-boot-starter-aop-3.3.2.jar;C:\Users\AichDiallo\.m2\repository\org\aspectj\aspectjweaver\1.9.22.1\aspectjweaver-1.9.22.1.jar;C:\Users\AichDiallo\.m2\repository\org\springframework\boot\spring-boot-starter-jdbc\3.3.2\spring-boot-starter-jdbc-3.3.2.jar;C:\Users\AichDiallo\.m2\repository\com\zaxxer\HikariCP\5.1.0\HikariCP-5.1.0.jar;C:\Users\AichDiallo\.m2\repository\org\springframework\spring-jdbc\6.1.11\spring-jdbc-6.1.11.jar;C:\Users\AichDiallo\.m2\repository\org\hibernate\orm\hibernate-core\6.5.2.Final\hibernate-core-6.5.2.Final.jar;C:\Users\AichDiallo\.m2\repository\jakarta\persistence\jakarta.persistence-api\3.1.0\jakarta.persistence-api-3.1.0.jar;C:\Users\AichDiallo\.m2\repository\jakarta\transaction\jakarta.transaction-api\2.0.1\jakarta.transaction-api-2.0.1.jar;C:\Users\AichDiallo\.m2\repository\org\jboss\logging\jboss-logging\3.5.3.Final\jboss-logging-3.5.3.Final.jar;C:\Users\AichDiallo\.m2\repository\org\hibernate\common\hibernate-commons-annotations\6.0.6.Final\hibernate-commons-annotations-6.0.6.Final.jar;C:\Users\AichDiallo\.m2\repository\io\smallrye\jandex\3.1.2\jandex-3.1.2.jar;C:\Users\AichDiallo\.m2\repository\com\fasterxml\classmate\1.7.0\classmate-1.7.0.jar;C:\Users\AichDiallo\.m2\repository\net\bytebuddy\byte-buddy\1.14.18\byte-buddy-1.14.18.jar;C:\Users\AichDiallo\.m2\repository\jakarta\inject\jakarta.inject-api\2.0.1\jakarta.inject-api-2.0.1.jar;C:\Users\AichDiallo\.m2\repository\org\antlr\antlr4-runtime\4.13.0\antlr4-runtime-4.13.0.jar;C:\Users\AichDiallo\.m2\repository\org\springframework\data\spring-data-jpa\3.3.2\spring-data-jpa-3.3.2.jar;C:\Users\AichDiallo\.m2\repository\org\springframework\data\spring-data-commons\3.3.2\spring-data-commons-3.3.2.jar;C:\Users\AichDiallo\.m2\repository\org\springframework\spring-orm\6.1.11\spring-orm-6.1.11.jar;C:\Users\AichDiallo\.m2\repository\org\springframework\spring-context\6.1.11\spring-context-6.1.11.jar;C:\Users\AichDiallo\.m2\repository\org\springframework\spring-tx\6.1.11\spring-tx-6.1.11.jar;C:\Users\AichDiallo\.m2\repository\org\springframework\spring-beans\6.1.11\spring-beans-6.1.11.jar;C:\Users\AichDiallo\.m2\repository\jakarta\annotation\jakarta.annotation-api\2.1.1\jakarta.annotation-api-2.1.1.jar;C:\Users\AichDiallo\.m2\repository\org\slf4j\slf4j-api\2.0.13\slf4j-api-2.0.13.jar;C:\Users\AichDiallo\.m2\repository\org\springframework\spring-aspects\6.1.11\spring-aspects-6.1.11.jar;C:\Users\AichDiallo\.m2\repository\org\springframework\boot\spring-boot-starter-security\3.3.2\spring-boot-starter-security-3.3.2.jar;C:\Users\AichDiallo\.m2\repository\org\springframework\boot\spring-boot-starter\3.3.2\spring-boot-starter-3.3.2.jar;C:\Users\AichDiallo\.m2\repository\org\springframework\boot\spring-boot-starter-logging\3.3.2\spring-boot-starter-logging-3.3.2.jar;C:\Users\AichDiallo\.m2\repository\ch\qos\logback\logback-classic\1.5.6\logback-classic-1.5.6.jar;C:\Users\AichDiallo\.m2\repository\ch\qos\logback\logback-core\1.5.6\logback-core-1.5.6.jar;C:\Users\AichDiallo\.m2\repository\org\apache\logging\log4j\log4j-to-slf4j\2.23.1\log4j-to-slf4j-2.23.1.jar;C:\Users\AichDiallo\.m2\repository\org\apache\logging\log4j\log4j-api\2.23.1\log4j-api-2.23.1.jar;C:\Users\AichDiallo\.m2\repository\org\slf4j\jul-to-slf4j\2.0.13\jul-to-slf4j-2.0.13.jar;C:\Users\AichDiallo\.m2\repository\org\yaml\snakeyaml\2.2\snakeyaml-2.2.jar;C:\Users\AichDiallo\.m2\repository\org\springframework\spring-aop\6.1.11\spring-aop-6.1.11.jar;C:\Users\AichDiallo\.m2\repository\org\springframework\security\spring-security-config\6.3.1\spring-security-config-6.3.1.jar;C:\Users\AichDiallo\.m2\repository\org\springframework\security\spring-security-web\6.3.1\spring-security-web-6.3.1.jar;C:\Users\AichDiallo\.m2\repository\org\springframework\spring-expression\6.1.11\spring-expression-6.1.11.jar;C:\Users\AichDiallo\.m2\repository\org\springframework\boot\spring-boot-starter-web\3.3.2\spring-boot-starter-web-3.3.2.jar;C:\Users\AichDiallo\.m2\repository\org\springframework\boot\spring-boot-starter-json\3.3.2\spring-boot-starter-json-3.3.2.jar;C:\Users\AichDiallo\.m2\repository\com\fasterxml\jackson\datatype\jackson-datatype-jdk8\2.17.2\jackson-datatype-jdk8-2.17.2.jar;C:\Users\AichDiallo\.m2\repository\com\fasterxml\jackson\datatype\jackson-datatype-jsr310\2.17.2\jackson-datatype-jsr310-2.17.2.jar;C:\Users\AichDiallo\.m2\repository\com\fasterxml\jackson\module\jackson-module-parameter-names\2.17.2\jackson-module-parameter-names-2.17.2.jar;C:\Users\AichDiallo\.m2\repository\org\springframework\boot\spring-boot-starter-tomcat\3.3.2\spring-boot-starter-tomcat-3.3.2.jar;C:\Users\AichDiallo\.m2\repository\org\apache\tomcat\embed\tomcat-embed-core\10.1.26\tomcat-embed-core-10.1.26.jar;C:\Users\AichDiallo\.m2\repository\org\apache\tomcat\embed\tomcat-embed-el\10.1.26\tomcat-embed-el-10.1.26.jar;C:\Users\AichDiallo\.m2\repository\org\apache\tomcat\embed\tomcat-embed-websocket\10.1.26\tomcat-embed-websocket-10.1.26.jar;C:\Users\AichDiallo\.m2\repository\org\springframework\spring-web\6.1.11\spring-web-6.1.11.jar;C:\Users\AichDiallo\.m2\repository\io\micrometer\micrometer-observation\1.13.2\micrometer-observation-1.13.2.jar;C:\Users\AichDiallo\.m2\repository\io\micrometer\micrometer-commons\1.13.2\micrometer-commons-1.13.2.jar;C:\Users\AichDiallo\.m2\repository\org\springframework\spring-webmvc\6.1.11\spring-webmvc-6.1.11.jar;C:\Users\AichDiallo\.m2\repository\org\springframework\boot\spring-boot-devtools\3.3.2\spring-boot-devtools-3.3.2.jar;C:\Users\AichDiallo\.m2\repository\org\springframework\boot\spring-boot\3.3.2\spring-boot-3.3.2.jar;C:\Users\AichDiallo\.m2\repository\org\springframework\boot\spring-boot-autoconfigure\3.3.2\spring-boot-autoconfigure-3.3.2.jar;C:\Users\AichDiallo\.m2\repository\com\mysql\mysql-connector-j\8.3.0\mysql-connector-j-8.3.0.jar;C:\Users\AichDiallo\.m2\repository\org\projectlombok\lombok\1.18.34\lombok-1.18.34.jar;C:\Users\AichDiallo\.m2\repository\jakarta\xml\bind\jakarta.xml.bind-api\4.0.2\jakarta.xml.bind-api-4.0.2.jar;C:\Users\AichDiallo\.m2\repository\jakarta\activation\jakarta.activation-api\2.1.3\jakarta.activation-api-2.1.3.jar;C:\Users\AichDiallo\.m2\repository\org\springframework\spring-core\6.1.11\spring-core-6.1.11.jar;C:\Users\AichDiallo\.m2\repository\org\springframework\spring-jcl\6.1.11\spring-jcl-6.1.11.jar;C:\Users\AichDiallo\.m2\repository\org\springframework\security\spring-security-core\6.3.1\spring-security-core-6.3.1.jar;C:\Users\AichDiallo\.m2\repository\org\springframework\security\spring-security-crypto\6.3.1\spring-security-crypto-6.3.1.jar;C:\Users\AichDiallo\.m2\repository\io\jsonwebtoken\jjwt-api\0.11.5\jjwt-api-0.11.5.jar;C:\Users\AichDiallo\.m2\repository\io\jsonwebtoken\jjwt-impl\0.11.5\jjwt-impl-0.11.5.jar;C:\Users\AichDiallo\.m2\repository\io\jsonwebtoken\jjwt-jackson\0.11.5\jjwt-jackson-0.11.5.jar;C:\Users\AichDiallo\.m2\repository\com\fasterxml\jackson\core\jackson-databind\2.17.2\jackson-databind-2.17.2.jar;C:\Users\AichDiallo\.m2\repository\com\fasterxml\jackson\core\jackson-annotations\2.17.2\jackson-annotations-2.17.2.jar;C:\Users\AichDiallo\.m2\repository\com\fasterxml\jackson\core\jackson-core\2.17.2\jackson-core-2.17.2.jar;C:\Users\AichDiallo\.m2\repository\io\swagger\core\v3\swagger-maven-plugin\2.2.21\swagger-maven-plugin-2.2.21.jar;C:\Users\AichDiallo\.m2\repository\org\apache\commons\commons-lang3\3.14.0\commons-lang3-3.14.0.jar;C:\Users\AichDiallo\.m2\repository\org\codehaus\plexus\plexus-utils\3.5.1\plexus-utils-3.5.1.jar;C:\Users\AichDiallo\.m2\repository\org\codehaus\plexus\plexus-component-annotations\2.1.1\plexus-component-annotations-2.1.1.jar;C:\Users\AichDiallo\.m2\repository\io\swagger\core\v3\swagger-jaxrs2\2.2.21\swagger-jaxrs2-2.2.21.jar;C:\Users\AichDiallo\.m2\repository\io\github\classgraph\classgraph\4.8.165\classgraph-4.8.165.jar;C:\Users\AichDiallo\.m2\repository\org\javassist\javassist\3.30.2-GA\javassist-3.30.2-GA.jar;C:\Users\AichDiallo\.m2\repository\io\swagger\core\v3\swagger-models\2.2.21\swagger-models-2.2.21.jar;C:\Users\AichDiallo\.m2\repository\io\swagger\core\v3\swagger-annotations\2.2.21\swagger-annotations-2.2.21.jar;C:\Users\AichDiallo\.m2\repository\io\swagger\core\v3\swagger-integration\2.2.21\swagger-integration-2.2.21.jar;C:\Users\AichDiallo\.m2\repository\io\swagger\core\v3\swagger-core\2.2.21\swagger-core-2.2.21.jar;C:\Users\AichDiallo\.m2\repository\com\fasterxml\jackson\dataformat\jackson-dataformat-yaml\2.17.2\jackson-dataformat-yaml-2.17.2.jar;C:\Users\AichDiallo\.m2\repository\jakarta\validation\jakarta.validation-api\3.0.2\jakarta.validation-api-3.0.2.jar;C:\Users\AichDiallo\.m2\repository\com\fasterxml\jackson\jaxrs\jackson-jaxrs-json-provider\2.17.2\jackson-jaxrs-json-provider-2.17.2.jar;C:\Users\AichDiallo\.m2\repository\com\fasterxml\jackson\jaxrs\jackson-jaxrs-base\2.17.2\jackson-jaxrs-base-2.17.2.jar;C:\Users\AichDiallo\.m2\repository\com\fasterxml\jackson\module\jackson-module-jaxb-annotations\2.17.2\jackson-module-jaxb-annotations-2.17.2.jar;C:\Users\AichDiallo\.m2\repository\org\springdoc\springdoc-openapi-starter-webmvc-ui\2.1.0\springdoc-openapi-starter-webmvc-ui-2.1.0.jar;C:\Users\AichDiallo\.m2\repository\org\springdoc\springdoc-openapi-starter-webmvc-api\2.1.0\springdoc-openapi-starter-webmvc-api-2.1.0.jar;C:\Users\AichDiallo\.m2\repository\org\springdoc\springdoc-openapi-starter-common\2.1.0\springdoc-openapi-starter-common-2.1.0.jar;C:\Users\AichDiallo\.m2\repository\io\swagger\core\v3\swagger-core-jakarta\2.2.9\swagger-core-jakarta-2.2.9.jar;C:\Users\AichDiallo\.m2\repository\io\swagger\core\v3\swagger-annotations-jakarta\2.2.9\swagger-annotations-jakarta-2.2.9.jar;C:\Users\AichDiallo\.m2\repository\io\swagger\core\v3\swagger-models-jakarta\2.2.9\swagger-models-jakarta-2.2.9.jar;C:\Users\AichDiallo\.m2\repository\org\webjars\swagger-ui\4.18.2\swagger-ui-4.18.2.jar;C:\Users\AichDiallo\.m2\repository\javax\xml\bind\jaxb-api\2.3.1\jaxb-api-2.3.1.jar;C:\Users\AichDiallo\.m2\repository\javax\activation\javax.activation-api\1.2.0\javax.activation-api-1.2.0.jar;C:\Users\AichDiallo\.m2\repository\org\glassfish\jaxb\jaxb-runtime\4.0.5\jaxb-runtime-4.0.5.jar;C:\Users\AichDiallo\.m2\repository\org\glassfish\jaxb\jaxb-core\4.0.5\jaxb-core-4.0.5.jar;C:\Users\AichDiallo\.m2\repository\org\eclipse\angus\angus-activation\2.0.2\angus-activation-2.0.2.jar;C:\Users\AichDiallo\.m2\repository\org\glassfish\jaxb\txw2\4.0.5\txw2-4.0.5.jar;C:\Users\AichDiallo\.m2\repository\com\sun\istack\istack-commons-runtime\4.1.2\istack-commons-runtime-4.1.2.jar
Launcher Type: SUN_STANDARD

[Global flags]
     intx CICompilerCount                          = 3                                         {product} {ergonomic}
     uint ConcGCThreads                            = 1                                         {product} {ergonomic}
     uint G1ConcRefinementThreads                  = 4                                         {product} {ergonomic}
   size_t G1HeapRegionSize                         = 1048576                                   {product} {ergonomic}
   size_t InitialHeapSize                          = 65011712                                  {product} {ergonomic}
     bool ManagementServer                         = true                                      {product} {command line}
   size_t MarkStackSize                            = 4194304                                   {product} {ergonomic}
   size_t MaxHeapSize                              = 1023410176                                {product} {ergonomic}
   size_t MaxNewSize                               = 613416960                                 {product} {ergonomic}
   size_t MinHeapDeltaBytes                        = 1048576                                   {product} {ergonomic}
   size_t MinHeapSize                              = 8388608                                   {product} {ergonomic}
    uintx NonNMethodCodeHeapSize                   = 4096                                   {pd product} {ergonomic}
    uintx NonProfiledCodeHeapSize                  = 0                                      {pd product} {ergonomic}
     bool ProfileInterpreter                       = false                                  {pd product} {command line}
    uintx ProfiledCodeHeapSize                     = 0                                      {pd product} {ergonomic}
   size_t SoftMaxHeapSize                          = 1023410176                             {manageable} {ergonomic}
     intx TieredStopAtLevel                        = 1                                         {product} {command line}
     bool UseCompressedOops                        = true                           {product lp64_product} {ergonomic}
     bool UseG1GC                                  = true                                      {product} {ergonomic}
     bool UseLargePagesIndividualAllocation        = false                                  {pd product} {ergonomic}

Logging:
Log output configuration:
 #0: stdout all=warning uptime,level,tags foldmultilines=false
 #1: stderr all=off uptime,level,tags foldmultilines=false

Environment Variables:
PATH=C:\Windows\system32;C:\Windows;C:\Windows\System32\Wbem;C:\Windows\System32\WindowsPowerShell\v1.0\;C:\Windows\System32\OpenSSH\;C:\Program Files\Git\cmd;C:\Program Files\nodejs\;C:\ProgramData\chocolatey\bin;%ANDROID_HOME%\emulator;%ANDROID_HOME%\tools;%ANDROID_HOME%\tools\bin;%ANDROID_HOME%\platform-tools;C:\Users\AichDiallo\AppData\Local\Android\Sdk\platform-tools;C:\Users\AichDiallo\AppData\Local\Microsoft\WindowsApps;C:\Users\AichDiallo\AppData\Local\JetBrains\Toolbox\scripts;;C:\Program Files\JetBrains\IntelliJ IDEA 2024.1.1\bin;;C:\Users\AichDiallo\AppData\Local\Programs\Microsoft VS Code\bin;C:\Users\AichDiallo\AppData\Roaming\npm;C:\Program Files\heroku\bin
USERNAME=AichDiallo
OS=Windows_NT
PROCESSOR_IDENTIFIER=Intel64 Family 6 Model 122 Stepping 8, GenuineIntel
TMP=C:\Users\AICHDI~1\AppData\Local\Temp
TEMP=C:\Users\AICHDI~1\AppData\Local\Temp




Periodic native trim disabled

---------------  S Y S T E M  ---------------

OS:
 Windows 10 , 64 bit Build 19041 (10.0.19041.4717)
OS uptime: 1 days 1:34 hours

CPU: total 4 (initial active 4) (4 cores per cpu, 1 threads per core) family 6 model 122 stepping 8 microcode 0x1a, cx8, cmov, fxsr, mmx, 3dnowpref, sse, sse2, sse3, ssse3, sse4.1, sse4.2, popcnt, tsc, tscinvbit, aes, erms, clmul, sha, clflush, clflushopt, rdtscp, rdpid
Processor Information for all 4 processors :
  Max Mhz: 1101, Current Mhz: 1101, Mhz Limit: 1101

Memory: 4k page, system-wide physical 3899M (276M free)
TotalPageFile size 15675M (AvailPageFile size 0M)
current process WorkingSet (physical memory assigned to process): 171M, peak: 171M
current process commit charge ("private bytes"): 204M, peak: 204M

vm_info: OpenJDK 64-Bit Server VM (22.0.2+9-70) for windows-amd64 JRE (22.0.2+9-70), built on 2024-06-04T16:52:23Z by "mach5one" with MS VC++ 17.6 (VS2022)

END.
