#
# There is insufficient memory for the Java Runtime Environment to continue.
# Native memory allocation (malloc) failed to allocate 32744 bytes. Error detail: Chunk::new
# Possible reasons:
#   The system is out of physical RAM or swap space
#   This process is running with CompressedOops enabled, and the Java Heap may be blocking the growth of the native heap
# Possible solutions:
#   Reduce memory load on the system
#   Increase physical memory or swap space
#   Check if swap backing store is full
#   Decrease Java heap size (-Xmx/-Xms)
#   Decrease number of Java threads
#   Decrease Java thread stack sizes (-Xss)
#   Set larger code cache with -XX:ReservedCodeCacheSize=
#   JVM is running with Unscaled Compressed Oops mode in which the Java heap is
#     placed in the first 4GB address space. The Java Heap base address is the
#     maximum limit for the native heap growth. Please use -XX:HeapBaseMinAddress
#     to set the Java Heap base and to place the Java Heap above 4GB virtual address.
# This output file may be truncated or incomplete.
#
#  Out of Memory Error (arena.cpp:150), pid=5356, tid=18196
#
# JRE version: OpenJDK Runtime Environment (22.0.2+9) (build 22.0.2+9-70)
# Java VM: OpenJDK 64-Bit Server VM (22.0.2+9-70, mixed mode, emulated-client, sharing, tiered, compressed oops, compressed class ptrs, g1 gc, windows-amd64)
# No core dump will be written. Minidumps are not enabled by default on client versions of Windows
#

---------------  S U M M A R Y ------------

Command Line: --enable-preview -XX:TieredStopAtLevel=1 -Dspring.output.ansi.enabled=always -Dcom.sun.management.jmxremote -Dspring.jmx.enabled=true -Dspring.liveBeansView.mbeanDomain -Dspring.application.admin.enabled=true -Dmanagement.endpoints.jmx.exposure.include=* -javaagent:C:\Program Files\JetBrains\IntelliJ IDEA 2024.1.1\lib\idea_rt.jar=65272:C:\Program Files\JetBrains\IntelliJ IDEA 2024.1.1\bin -Dfile.encoding=UTF-8 -Dsun.stdout.encoding=UTF-8 -Dsun.stderr.encoding=UTF-8 SPA.dev.Stock.StockApplication

Host: Intel(R) Pentium(R) Silver N5030 CPU @ 1.10GHz, 4 cores, 3G,  Windows 10 , 64 bit Build 19041 (10.0.19041.4717)
Time: Tue Sep  3 05:06:08 2024 Paris, Madrid (heure duild 19041 (10.0.19041.4717) elapsed time: 150.125819 seconds (0d 0h 2m 30s)

---------------  T H R E A D  ---------------

Current thread (0x0000022d41149140):  JavaThread "C1 CompilerThread0" daemon [_thread_in_native, id=18196, stack(0x000000eb37200000,0x000000eb37300000) (1024K)]


Current CompileTask:
C1:150126 10476       1       io.swagger.v3.core.jackson.ModelResolver::resolve (5599 bytes)

Stack: [0x000000eb37200000,0x000000eb37300000]
Native frames: (J=compiled Java code, j=interpreted, Vv=VM code, C=native code)
V  [jvm.dll+0x6e26e9]  (no source info available)
V  [jvm.dll+0x875753]  (no source info available)
V  [jvm.dll+0x877b7e]  (no source info available)
V  [jvm.dll+0x878253]  (no source info available)
V  [jvm.dll+0x27fc86]  (no source info available)
V  [jvm.dll+0xc3d0f]  (no source info available)
V  [jvm.dll+0xc3f6b]  (no source info available)
V  [jvm.dll+0x13f1ce]  (no source info available)
V  [jvm.dll+0x13e697]  (no source info available)
V  [jvm.dll+0x198440]  (no source info available)
V  [jvm.dll+0x1986f6]  (no source info available)
V  [jvm.dll+0x153e45]  (no source info available)
V  [jvm.dll+0x1535c3]  (no source info available)
V  [jvm.dll+0x1538a0]  (no source info available)
V  [jvm.dll+0x152c1d]  (no source info available)
V  [jvm.dll+0x154add]  (no source info available)
V  [jvm.dll+0x2568f3]  (no source info available)
V  [jvm.dll+0x254baa]  (no source info available)
V  [jvm.dll+0x3f57a6]  (no source info available)
V  [jvm.dll+0x81dc0b]  (no source info available)
V  [jvm.dll+0x6e0d85]  (no source info available)
C  [ucrtbase.dll+0x21bb2]  (no source info available)
C  [KERNEL32.DLL+0x17374]  (no source info available)
C  [ntdll.dll+0x4cc91]  (no source info available)


---------------  P R O C E S S  ---------------

Threads class SMR info:
_java_thread_list=0x0000022d5a38ef60, length=35, elements={
0x0000022d411417a0, 0x0000022d41144780, 0x0000022d41145650, 0x0000022d41147220,
0x0000022d41147c80, 0x0000022d411486e0, 0x0000022d41149140, 0x0000022d411ebe70,
0x0000022d41832770, 0x0000022d4183ae10, 0x0000022d41a8d090, 0x0000022d42979ff0,
0x0000022d43360fa0, 0x0000022d43361cc0, 0x0000022d433629e0, 0x0000022d43361630,
0x0000022d43363d90, 0x0000022d43363070, 0x0000022d5acfb510, 0x0000022d5acfc230,
0x0000022d5acfbba0, 0x0000022d5acfae80, 0x0000022d5acfd5e0, 0x0000022d5acff020,
0x0000022d5acfdc70, 0x0000022d5acf8720, 0x0000022d5acfc8c0, 0x0000022d5acfcf50,
0x0000022d5acfe300, 0x0000022d5acfa160, 0x0000022d5acfe990, 0x0000022d5acf8db0,
0x0000022d5acff6b0, 0x0000022d5acf9440, 0x0000022d5acf9ad0
}

Java Threads: ( => current thread )
  0x0000022d411417a0 JavaThread "Reference Handler"          daemon [_thread_blocked, id=16088, stack(0x000000eb36c00000,0x000000eb36d00000) (1024K)]
  0x0000022d41144780 JavaThread "Finalizer"                  daemon [_thread_blocked, id=17276, stack(0x000000eb36d00000,0x000000eb36e00000) (1024K)]
  0x0000022d41145650 JavaThread "Signal Dispatcher"          daemon [_thread_blocked, id=3508, stack(0x000000eb36e00000,0x000000eb36f00000) (1024K)]
  0x0000022d41147220 JavaThread "Attach Listener"            daemon [_thread_blocked, id=8248, stack(0x000000eb36f00000,0x000000eb37000000) (1024K)]
  0x0000022d41147c80 JavaThread "Service Thread"             daemon [_thread_blocked, id=17464, stack(0x000000eb37000000,0x000000eb37100000) (1024K)]
  0x0000022d411486e0 JavaThread "Monitor Deflation Thread"   daemon [_thread_blocked, id=7112, stack(0x000000eb37100000,0x000000eb37200000) (1024K)]
=>0x0000022d41149140 JavaThread "C1 CompilerThread0"         daemon [_thread_in_native, id=18196, stack(0x000000eb37200000,0x000000eb37300000) (1024K)]
  0x0000022d411ebe70 JavaThread "Common-Cleaner"             daemon [_thread_blocked, id=7196, stack(0x000000eb37300000,0x000000eb37400000) (1024K)]
  0x0000022d41832770 JavaThread "Monitor Ctrl-Break"         daemon [_thread_in_native, id=4108, stack(0x000000eb37400000,0x000000eb37500000) (1024K)]
  0x0000022d4183ae10 JavaThread "Notification Thread"        daemon [_thread_blocked, id=11984, stack(0x000000eb37500000,0x000000eb37600000) (1024K)]
  0x0000022d41a8d090 JavaThread "RMI TCP Accept-0"           daemon [_thread_in_native, id=14180, stack(0x000000eb37900000,0x000000eb37a00000) (1024K)]
  0x0000022d42979ff0 JavaThread "RMI Scheduler(0)"           daemon [_thread_blocked, id=11184, stack(0x000000eb37e00000,0x000000eb37f00000) (1024K)]
  0x0000022d43360fa0 JavaThread "mysql-cj-abandoned-connection-cleanup" daemon [_thread_blocked, id=3416, stack(0x000000eb38000000,0x000000eb38100000) (1024K)]
  0x0000022d43361cc0 JavaThread "HikariPool-1 housekeeper"   daemon [_thread_blocked, id=15064, stack(0x000000eb38200000,0x000000eb38300000) (1024K)]
  0x0000022d433629e0 JavaThread "Catalina-utility-1"                [_thread_blocked, id=16664, stack(0x000000eb38300000,0x000000eb38400000) (1024K)]
  0x0000022d43361630 JavaThread "Catalina-utility-2"                [_thread_blocked, id=13492, stack(0x000000eb38400000,0x000000eb38500000) (1024K)]
  0x0000022d43363d90 JavaThread "container-0"                       [_thread_blocked, id=13752, stack(0x000000eb38600000,0x000000eb38700000) (1024K)]
  0x0000022d43363070 JavaThread "File Watcher"               daemon [_thread_blocked, id=6520, stack(0x000000eb38500000,0x000000eb38600000) (1024K)]
  0x0000022d5acfb510 JavaThread "Live Reload Server"         daemon [_thread_in_native, id=2316, stack(0x000000eb38800000,0x000000eb38900000) (1024K)]
  0x0000022d5acfc230 JavaThread "http-nio-8080-exec-1"       daemon [_thread_blocked, id=9252, stack(0x000000eb38700000,0x000000eb38800000) (1024K)]
  0x0000022d5acfbba0 JavaThread "http-nio-8080-exec-2"       daemon [_thread_blocked, id=12280, stack(0x000000eb38900000,0x000000eb38a00000) (1024K)]
  0x0000022d5acfae80 JavaThread "http-nio-8080-exec-3"       daemon [_thread_blocked, id=13120, stack(0x000000eb38a00000,0x000000eb38b00000) (1024K)]
  0x0000022d5acfd5e0 JavaThread "http-nio-8080-exec-4"       daemon [_thread_blocked, id=7132, stack(0x000000eb38b00000,0x000000eb38c00000) (1024K)]
  0x0000022d5acff020 JavaThread "http-nio-8080-exec-5"       daemon [_thread_blocked, id=18184, stack(0x000000eb38c00000,0x000000eb38d00000) (1024K)]
  0x0000022d5acfdc70 JavaThread "http-nio-8080-exec-6"       daemon [_thread_blocked, id=1552, stack(0x000000eb38d00000,0x000000eb38e00000) (1024K)]
  0x0000022d5acf8720 JavaThread "http-nio-8080-exec-7"       daemon [_thread_blocked, id=2516, stack(0x000000eb38e00000,0x000000eb38f00000) (1024K)]
  0x0000022d5acfc8c0 JavaThread "http-nio-8080-exec-8"       daemon [_thread_blocked, id=15856, stack(0x000000eb38f00000,0x000000eb39000000) (1024K)]
  0x0000022d5acfcf50 JavaThread "http-nio-8080-exec-9"       daemon [_thread_in_Java, id=2452, stack(0x000000eb39000000,0x000000eb39100000) (1024K)]
  0x0000022d5acfe300 JavaThread "http-nio-8080-exec-10"      daemon [_thread_blocked, id=11140, stack(0x000000eb39100000,0x000000eb39200000) (1024K)]
  0x0000022d5acfa160 JavaThread "http-nio-8080-Poller"       daemon [_thread_in_native, id=7544, stack(0x000000eb39200000,0x000000eb39300000) (1024K)]
  0x0000022d5acfe990 JavaThread "http-nio-8080-Acceptor"     daemon [_thread_in_native, id=15756, stack(0x000000eb39300000,0x000000eb39400000) (1024K)]
  0x0000022d5acf8db0 JavaThread "DestroyJavaVM"                     [_thread_blocked, id=16452, stack(0x000000eb36400000,0x000000eb36500000) (1024K)]
  0x0000022d5acff6b0 JavaThread "ForkJoinPool.commonPool-worker-1" daemon [_thread_blocked, id=2568, stack(0x000000eb36100000,0x000000eb36200000) (1024K)]
  0x0000022d5acf9440 JavaThread "ForkJoinPool.commonPool-worker-2" daemon [_thread_blocked, id=15412, stack(0x000000eb36200000,0x000000eb36300000) (1024K)]
  0x0000022d5acf9ad0 JavaThread "ForkJoinPool.commonPool-worker-3" daemon [_thread_blocked, id=9560, stack(0x000000eb36300000,0x000000eb36400000) (1024K)]
Total: 35

Other Threads:
  0x0000022d41128520 VMThread "VM Thread"                           [id=12836, stack(0x000000eb36b00000,0x000000eb36c00000) (1024K)]
  0x0000022d45c07b70 WatcherThread "VM Periodic Task Thread"        [id=18364, stack(0x000000eb36a00000,0x000000eb36b00000) (1024K)]
  0x0000022d45b93800 WorkerThread "GC Thread#0"                     [id=14748, stack(0x000000eb36500000,0x000000eb36600000) (1024K)]
  0x0000022d419ce360 WorkerThread "GC Thread#1"                     [id=11256, stack(0x000000eb37600000,0x000000eb37700000) (1024K)]
  0x0000022d419d9e50 WorkerThread "GC Thread#2"                     [id=16792, stack(0x000000eb37700000,0x000000eb37800000) (1024K)]
  0x0000022d419deb70 WorkerThread "GC Thread#3"                     [id=13284, stack(0x000000eb37800000,0x000000eb37900000) (1024K)]
  0x0000022d45b9cac0 ConcurrentGCThread "G1 Main Marker"            [id=7236, stack(0x000000eb36600000,0x000000eb36700000) (1024K)]
  0x0000022d45b9ec90 WorkerThread "G1 Conc#0"                       [id=17724, stack(0x000000eb36700000,0x000000eb36800000) (1024K)]
  0x0000022d45bf5500 ConcurrentGCThread "G1 Refine#0"               [id=4500, stack(0x000000eb36800000,0x000000eb36900000) (1024K)]
  0x0000022d45bf6140 ConcurrentGCThread "G1 Service"                [id=15564, stack(0x000000eb36900000,0x000000eb36a00000) (1024K)]
Total: 10

Threads with active compile tasks:
C1 CompilerThread0  151162 10476       1       io.swagger.v3.core.jackson.ModelResolver::resolve (5599 bytes)
Total: 1

VM state: not at safepoint (normal execution)

VM Mutex/Monitor currently owned by a thread: None

Heap address: 0x00000000c3000000, size: 976 MB, Compressed Oops mode: 32-bit

CDS archive(s) mapped at: [0x0000022d00000000-0x0000022d00c60000-0x0000022d00c60000), size 12976128, SharedBaseAddress: 0x0000022d00000000, ArchiveRelocationMode: 1.
Compressed class space mapped at: 0x0000022d01000000-0x0000022d41000000, reserved size: 1073741824
Narrow klass base: 0x0000022d00000000, Narrow klass shift: 0, Narrow klass range: 0x41000000

GC Precious Log:
 CardTable entry size: 512
 Card Set container configuration: InlinePtr #cards 5 size 8 Array Of Cards #cards 12 size 40 Howl #buckets 4 coarsen threshold 1843 Howl Bitmap #cards 512 size 80 coarsen threshold 460 Card regions per heap region 1 cards per card region 2048
 CPUs: 4 total, 4 available
 Memory: 3899M
 Large Page Support: Disabled
 NUMA Support: Disabled
 Compressed Oops: Enabled (32-bit)
 Heap Region Size: 1M
 Heap Min Capacity: 8M
 Heap Initial Capacity: 62M
 Heap Max Capacity: 976M
 Pre-touch: Disabled
 Parallel Workers: 4
 Concurrent Workers: 1
 Concurrent Refinement Workers: 4
 Periodic GC: Disabled

Heap:
 garbage-first heap   total reserved 999424K, committed 86016K, used 72432K [0x00000000c3000000, 0x0000000100000000)
  region size 1024K, 25 young (25600K), 3 survivors (3072K)
 Metaspace       used 80345K, committed 81792K, reserved 1179648K
  class space    used 11873K, committed 12480K, reserved 1048576K

Heap Regions: E=young(eden), S=young(survivor), O=old, HS=humongous(starts), HC=humongous(continues), CS=collection set, F=free, TAMS=top-at-mark-start, PB=parsable bottom
|   0|0x00000000c3000000, 0x00000000c3100000, 0x00000000c3100000|100%|HS|  |TAMS 0x00000000c3000000| PB 0x00000000c3000000| Complete |  0
|   1|0x00000000c3100000, 0x00000000c3200000, 0x00000000c3200000|100%| O|  |TAMS 0x00000000c3100000| PB 0x00000000c3100000| Untracked |  0
|   2|0x00000000c3200000, 0x00000000c3300000, 0x00000000c3300000|100%| O|  |TAMS 0x00000000c3200000| PB 0x00000000c3200000| Untracked |  0
|   3|0x00000000c3300000, 0x00000000c3400000, 0x00000000c3400000|100%| O|  |TAMS 0x00000000c3300000| PB 0x00000000c3300000| Untracked |  0
|   4|0x00000000c3400000, 0x00000000c3500000, 0x00000000c3500000|100%| O|  |TAMS 0x00000000c3400000| PB 0x00000000c3400000| Untracked |  0
|   5|0x00000000c3500000, 0x00000000c3600000, 0x00000000c3600000|100%| O|  |TAMS 0x00000000c3500000| PB 0x00000000c3500000| Untracked |  0
|   6|0x00000000c3600000, 0x00000000c3700000, 0x00000000c3700000|100%| O|  |TAMS 0x00000000c3600000| PB 0x00000000c3600000| Untracked |  0
|   7|0x00000000c3700000, 0x00000000c3800000, 0x00000000c3800000|100%| O|  |TAMS 0x00000000c3700000| PB 0x00000000c3700000| Untracked |  0
|   8|0x00000000c3800000, 0x00000000c3900000, 0x00000000c3900000|100%| O|  |TAMS 0x00000000c3800000| PB 0x00000000c3800000| Untracked |  0
|   9|0x00000000c3900000, 0x00000000c3a00000, 0x00000000c3a00000|100%| O|  |TAMS 0x00000000c3900000| PB 0x00000000c3900000| Untracked |  0
|  10|0x00000000c3a00000, 0x00000000c3b00000, 0x00000000c3b00000|100%| O|  |TAMS 0x00000000c3a00000| PB 0x00000000c3a00000| Untracked |  0
|  11|0x00000000c3b00000, 0x00000000c3c00000, 0x00000000c3c00000|100%| O|  |TAMS 0x00000000c3b00000| PB 0x00000000c3b00000| Untracked |  0
|  12|0x00000000c3c00000, 0x00000000c3d00000, 0x00000000c3d00000|100%| O|Cm|TAMS 0x00000000c3c00000| PB 0x00000000c3c00000| Complete |  0
|  13|0x00000000c3d00000, 0x00000000c3e00000, 0x00000000c3e00000|100%| O|  |TAMS 0x00000000c3d00000| PB 0x00000000c3d00000| Untracked |  0
|  14|0x00000000c3e00000, 0x00000000c3f00000, 0x00000000c3f00000|100%| O|  |TAMS 0x00000000c3e00000| PB 0x00000000c3e00000| Untracked |  0
|  15|0x00000000c3f00000, 0x00000000c4000000, 0x00000000c4000000|100%| O|  |TAMS 0x00000000c3f00000| PB 0x00000000c3f00000| Untracked |  0
|  16|0x00000000c4000000, 0x00000000c4100000, 0x00000000c4100000|100%| O|Cm|TAMS 0x00000000c4000000| PB 0x00000000c4000000| Complete |  0
|  17|0x00000000c4100000, 0x00000000c4200000, 0x00000000c4200000|100%| O|  |TAMS 0x00000000c4100000| PB 0x00000000c4100000| Untracked |  0
|  18|0x00000000c4200000, 0x00000000c4300000, 0x00000000c4300000|100%| O|  |TAMS 0x00000000c4200000| PB 0x00000000c4200000| Untracked |  0
|  19|0x00000000c4300000, 0x00000000c4400000, 0x00000000c4400000|100%| O|  |TAMS 0x00000000c4300000| PB 0x00000000c4300000| Untracked |  0
|  20|0x00000000c4400000, 0x00000000c4500000, 0x00000000c4500000|100%| O|  |TAMS 0x00000000c4400000| PB 0x00000000c4400000| Untracked |  0
|  21|0x00000000c4500000, 0x00000000c4600000, 0x00000000c4600000|100%| O|  |TAMS 0x00000000c4500000| PB 0x00000000c4500000| Untracked |  0
|  22|0x00000000c4600000, 0x00000000c4700000, 0x00000000c4700000|100%| O|Cm|TAMS 0x00000000c4600000| PB 0x00000000c4600000| Complete |  0
|  23|0x00000000c4700000, 0x00000000c4800000, 0x00000000c4800000|100%| O|Cm|TAMS 0x00000000c4700000| PB 0x00000000c4700000| Complete |  0
|  24|0x00000000c4800000, 0x00000000c4900000, 0x00000000c4900000|100%| O|Cm|TAMS 0x00000000c4800000| PB 0x00000000c4800000| Complete |  0
|  25|0x00000000c4900000, 0x00000000c4a00000, 0x00000000c4a00000|100%| O|  |TAMS 0x00000000c4900000| PB 0x00000000c4900000| Untracked |  0
|  26|0x00000000c4a00000, 0x00000000c4b00000, 0x00000000c4b00000|100%| O|  |TAMS 0x00000000c4a00000| PB 0x00000000c4a00000| Untracked |  0
|  27|0x00000000c4b00000, 0x00000000c4c00000, 0x00000000c4c00000|100%| O|  |TAMS 0x00000000c4b00000| PB 0x00000000c4b00000| Untracked |  0
|  28|0x00000000c4c00000, 0x00000000c4d00000, 0x00000000c4d00000|100%| O|  |TAMS 0x00000000c4c00000| PB 0x00000000c4c00000| Untracked |  0
|  29|0x00000000c4d00000, 0x00000000c4e00000, 0x00000000c4e00000|100%| O|  |TAMS 0x00000000c4d00000| PB 0x00000000c4d00000| Untracked |  0
|  30|0x00000000c4e00000, 0x00000000c4f00000, 0x00000000c4f00000|100%| O|  |TAMS 0x00000000c4e00000| PB 0x00000000c4e00000| Untracked |  0
|  31|0x00000000c4f00000, 0x00000000c5000000, 0x00000000c5000000|100%| O|  |TAMS 0x00000000c4f00000| PB 0x00000000c4f00000| Untracked |  0
|  32|0x00000000c5000000, 0x00000000c5100000, 0x00000000c5100000|100%| O|  |TAMS 0x00000000c5000000| PB 0x00000000c5000000| Untracked |  0
|  33|0x00000000c5100000, 0x00000000c5200000, 0x00000000c5200000|100%| O|Cm|TAMS 0x00000000c5100000| PB 0x00000000c5100000| Complete |  0
|  34|0x00000000c5200000, 0x00000000c5300000, 0x00000000c5300000|100%| O|  |TAMS 0x00000000c5200000| PB 0x00000000c5200000| Untracked |  0
|  35|0x00000000c5300000, 0x00000000c5400000, 0x00000000c5400000|100%| O|  |TAMS 0x00000000c5300000| PB 0x00000000c5300000| Untracked |  0
|  36|0x00000000c5400000, 0x00000000c5500000, 0x00000000c5500000|100%| O|  |TAMS 0x00000000c5400000| PB 0x00000000c5400000| Untracked |  0
|  37|0x00000000c5500000, 0x00000000c5600000, 0x00000000c5600000|100%| O|  |TAMS 0x00000000c5500000| PB 0x00000000c5500000| Untracked |  0
|  38|0x00000000c5600000, 0x00000000c56ff540, 0x00000000c5700000| 99%| O|  |TAMS 0x00000000c5600000| PB 0x00000000c5600000| Untracked |  0
|  39|0x00000000c5700000, 0x00000000c5800000, 0x00000000c5800000|100%| O|  |TAMS 0x00000000c5700000| PB 0x00000000c5700000| Untracked |  0
|  40|0x00000000c5800000, 0x00000000c5900000, 0x00000000c5900000|100%| O|Cm|TAMS 0x00000000c5800000| PB 0x00000000c5800000| Complete |  0
|  41|0x00000000c5900000, 0x00000000c5a00000, 0x00000000c5a00000|100%| O|  |TAMS 0x00000000c5900000| PB 0x00000000c5900000| Untracked |  0
|  42|0x00000000c5a00000, 0x00000000c5b00000, 0x00000000c5b00000|100%| O|Cm|TAMS 0x00000000c5a00000| PB 0x00000000c5a00000| Complete |  0
|  43|0x00000000c5b00000, 0x00000000c5c00000, 0x00000000c5c00000|100%| O|Cm|TAMS 0x00000000c5b00000| PB 0x00000000c5b00000| Complete |  0
|  44|0x00000000c5c00000, 0x00000000c5c00000, 0x00000000c5d00000|  0%| F|  |TAMS 0x00000000c5c00000| PB 0x00000000c5c00000| Untracked |  0
|  45|0x00000000c5d00000, 0x00000000c5e00000, 0x00000000c5e00000|100%| O|Cm|TAMS 0x00000000c5d00000| PB 0x00000000c5d00000| Complete |  0
|  46|0x00000000c5e00000, 0x00000000c5f00000, 0x00000000c5f00000|100%| O|  |TAMS 0x00000000c5e00000| PB 0x00000000c5e00000| Untracked |  0
|  47|0x00000000c5f00000, 0x00000000c6000000, 0x00000000c6000000|100%| O|Cm|TAMS 0x00000000c5f00000| PB 0x00000000c5f00000| Complete |  0
|  48|0x00000000c6000000, 0x00000000c6000000, 0x00000000c6100000|  0%| F|  |TAMS 0x00000000c6000000| PB 0x00000000c6000000| Untracked |  0
|  49|0x00000000c6100000, 0x00000000c6100000, 0x00000000c6200000|  0%| F|  |TAMS 0x00000000c6100000| PB 0x00000000c6100000| Untracked |  0
|  50|0x00000000c6200000, 0x00000000c6200000, 0x00000000c6300000|  0%| F|  |TAMS 0x00000000c6200000| PB 0x00000000c6200000| Untracked |  0
|  51|0x00000000c6300000, 0x00000000c6300000, 0x00000000c6400000|  0%| F|  |TAMS 0x00000000c6300000| PB 0x00000000c6300000| Untracked |  0
|  52|0x00000000c6400000, 0x00000000c6400000, 0x00000000c6500000|  0%| F|  |TAMS 0x00000000c6400000| PB 0x00000000c6400000| Untracked |  0
|  53|0x00000000c6500000, 0x00000000c6500000, 0x00000000c6600000|  0%| F|  |TAMS 0x00000000c6500000| PB 0x00000000c6500000| Untracked |  0
|  54|0x00000000c6600000, 0x00000000c6600000, 0x00000000c6700000|  0%| F|  |TAMS 0x00000000c6600000| PB 0x00000000c6600000| Untracked |  0
|  55|0x00000000c6700000, 0x00000000c67bcd20, 0x00000000c6800000| 73%| S|CS|TAMS 0x00000000c6700000| PB 0x00000000c6700000| Complete |  0
|  56|0x00000000c6800000, 0x00000000c6900000, 0x00000000c6900000|100%| S|CS|TAMS 0x00000000c6800000| PB 0x00000000c6800000| Complete |  0
|  57|0x00000000c6900000, 0x00000000c6a00000, 0x00000000c6a00000|100%| S|CS|TAMS 0x00000000c6900000| PB 0x00000000c6900000| Complete |  0
|  58|0x00000000c6a00000, 0x00000000c6a00000, 0x00000000c6b00000|  0%| F|  |TAMS 0x00000000c6a00000| PB 0x00000000c6a00000| Untracked |  0
|  59|0x00000000c6b00000, 0x00000000c6b00000, 0x00000000c6c00000|  0%| F|  |TAMS 0x00000000c6b00000| PB 0x00000000c6b00000| Untracked |  0
|  60|0x00000000c6c00000, 0x00000000c6c00000, 0x00000000c6d00000|  0%| F|  |TAMS 0x00000000c6c00000| PB 0x00000000c6c00000| Untracked |  0
|  61|0x00000000c6d00000, 0x00000000c6d00000, 0x00000000c6e00000|  0%| F|  |TAMS 0x00000000c6d00000| PB 0x00000000c6d00000| Untracked |  0
|  62|0x00000000c6e00000, 0x00000000c6ec9ad8, 0x00000000c6f00000| 78%| E|  |TAMS 0x00000000c6e00000| PB 0x00000000c6e00000| Complete |  0
|  63|0x00000000c6f00000, 0x00000000c7000000, 0x00000000c7000000|100%| E|CS|TAMS 0x00000000c6f00000| PB 0x00000000c6f00000| Complete |  0
|  64|0x00000000c7000000, 0x00000000c7100000, 0x00000000c7100000|100%| E|CS|TAMS 0x00000000c7000000| PB 0x00000000c7000000| Complete |  0
|  65|0x00000000c7100000, 0x00000000c7200000, 0x00000000c7200000|100%| E|CS|TAMS 0x00000000c7100000| PB 0x00000000c7100000| Complete |  0
|  66|0x00000000c7200000, 0x00000000c7300000, 0x00000000c7300000|100%| E|CS|TAMS 0x00000000c7200000| PB 0x00000000c7200000| Complete |  0
|  67|0x00000000c7300000, 0x00000000c7400000, 0x00000000c7400000|100%| E|CS|TAMS 0x00000000c7300000| PB 0x00000000c7300000| Complete |  0
|  68|0x00000000c7400000, 0x00000000c7500000, 0x00000000c7500000|100%| E|CS|TAMS 0x00000000c7400000| PB 0x00000000c7400000| Complete |  0
|  69|0x00000000c7500000, 0x00000000c7600000, 0x00000000c7600000|100%| E|CS|TAMS 0x00000000c7500000| PB 0x00000000c7500000| Complete |  0
|  70|0x00000000c7600000, 0x00000000c7700000, 0x00000000c7700000|100%| E|CS|TAMS 0x00000000c7600000| PB 0x00000000c7600000| Complete |  0
|  71|0x00000000c7700000, 0x00000000c7800000, 0x00000000c7800000|100%| E|CS|TAMS 0x00000000c7700000| PB 0x00000000c7700000| Complete |  0
|  72|0x00000000c7800000, 0x00000000c7900000, 0x00000000c7900000|100%| E|CS|TAMS 0x00000000c7800000| PB 0x00000000c7800000| Complete |  0
|  73|0x00000000c7900000, 0x00000000c7a00000, 0x00000000c7a00000|100%| E|CS|TAMS 0x00000000c7900000| PB 0x00000000c7900000| Complete |  0
|  74|0x00000000c7a00000, 0x00000000c7b00000, 0x00000000c7b00000|100%| E|CS|TAMS 0x00000000c7a00000| PB 0x00000000c7a00000| Complete |  0
|  75|0x00000000c7b00000, 0x00000000c7c00000, 0x00000000c7c00000|100%| E|CS|TAMS 0x00000000c7b00000| PB 0x00000000c7b00000| Complete |  0
|  76|0x00000000c7c00000, 0x00000000c7d00000, 0x00000000c7d00000|100%| E|CS|TAMS 0x00000000c7c00000| PB 0x00000000c7c00000| Complete |  0
|  77|0x00000000c7d00000, 0x00000000c7e00000, 0x00000000c7e00000|100%| E|CS|TAMS 0x00000000c7d00000| PB 0x00000000c7d00000| Complete |  0
|  78|0x00000000c7e00000, 0x00000000c7f00000, 0x00000000c7f00000|100%| E|CS|TAMS 0x00000000c7e00000| PB 0x00000000c7e00000| Complete |  0
|  79|0x00000000c7f00000, 0x00000000c8000000, 0x00000000c8000000|100%| E|CS|TAMS 0x00000000c7f00000| PB 0x00000000c7f00000| Complete |  0
|  80|0x00000000c8000000, 0x00000000c8100000, 0x00000000c8100000|100%| E|CS|TAMS 0x00000000c8000000| PB 0x00000000c8000000| Complete |  0
|  81|0x00000000c8100000, 0x00000000c8200000, 0x00000000c8200000|100%| E|CS|TAMS 0x00000000c8100000| PB 0x00000000c8100000| Complete |  0
|  82|0x00000000c8200000, 0x00000000c8300000, 0x00000000c8300000|100%| E|CS|TAMS 0x00000000c8200000| PB 0x00000000c8200000| Complete |  0
|  83|0x00000000c8300000, 0x00000000c8400000, 0x00000000c8400000|100%| E|CS|TAMS 0x00000000c8300000| PB 0x00000000c8300000| Complete |  0

Card table byte_map: [0x0000022d50e90000,0x0000022d51080000] _byte_map_base: 0x0000022d50878000

Marking Bits: (CMBitMap*) 0x0000022d45b93e20
 Bits: [0x0000022d51080000, 0x0000022d51fc0000)

Polling page: 0x0000022d45310000

Metaspace:

Usage:
  Non-class:     66.87 MB used.
      Class:     11.60 MB used.
       Both:     78.46 MB used.

Virtual space:
  Non-class space:      128.00 MB reserved,      67.69 MB ( 53%) committed,  2 nodes.
      Class space:        1.00 GB reserved,      12.19 MB (  1%) committed,  1 nodes.
             Both:        1.12 GB reserved,      79.88 MB (  7%) committed. 

Chunk freelists:
   Non-Class:  12.54 MB
       Class:  3.92 MB
        Both:  16.46 MB

MaxMetaspaceSize: unlimited
CompressedClassSpaceSize: 1.00 GB
Initial GC threshold: 21.00 MB
Current GC threshold: 133.12 MB
CDS: on
 - commit_granule_bytes: 65536.
 - commit_granule_words: 8192.
 - virtual_space_node_default_size: 8388608.
 - enlarge_chunks_in_place: 1.
 - use_allocation_guard: 0.


Internal statistics:

num_allocs_failed_limit: 8.
num_arena_births: 1474.
num_arena_deaths: 506.
num_vsnodes_births: 3.
num_vsnodes_deaths: 0.
num_space_committed: 1278.
num_space_uncommitted: 0.
num_chunks_returned_to_freelist: 563.
num_chunks_taken_from_freelist: 4373.
num_chunk_merges: 160.
num_chunk_splits: 3194.
num_chunks_enlarged: 2507.
num_inconsistent_stats: 0.

CodeCache: size=49152Kb used=15059Kb max_used=15496Kb free=34092Kb
 bounds [0x0000022d4de90000, 0x0000022d4edc0000, 0x0000022d50e90000]
 total_blobs=9245 nmethods=8479 adapters=689
 compilation: enabled
              stopped_count=0, restarted_count=0
 full_count=0

Compilation events (20 events):
Event: 149.935 Thread 0x0000022d41149140 nmethod 10464 0x0000022d4e345e90 code [0x0000022d4e346040, 0x0000022d4e346188]
Event: 149.935 Thread 0x0000022d41149140 10469       1       com.fasterxml.jackson.databind.introspect.AnnotatedCreatorCollector::constructFactoryCreator (94 bytes)
Event: 149.938 Thread 0x0000022d41149140 nmethod 10469 0x0000022d4e94bf10 code [0x0000022d4e94c2a0, 0x0000022d4e94d3e0]
Event: 149.939 Thread 0x0000022d41149140 10470       1       com.fasterxml.jackson.databind.introspect.AnnotatedCreatorCollector::collectAnnotations (32 bytes)
Event: 149.939 Thread 0x0000022d41149140 nmethod 10470 0x0000022d4e237e10 code [0x0000022d4e237fe0, 0x0000022d4e2381a8]
Event: 149.939 Thread 0x0000022d41149140 10471       1       com.fasterxml.jackson.databind.introspect.AnnotatedCreatorCollector::constructNonDefaultConstructor (304 bytes)
Event: 149.944 Thread 0x0000022d41149140 nmethod 10471 0x0000022d4e891190 code [0x0000022d4e891560, 0x0000022d4e893180]
Event: 149.945 Thread 0x0000022d41149140 10472       1       com.fasterxml.jackson.databind.util.ClassUtil$Ctor::getParameterAnnotations (24 bytes)
Event: 149.945 Thread 0x0000022d41149140 nmethod 10472 0x0000022d4e9b7610 code [0x0000022d4e9b77c0, 0x0000022d4e9b7928]
Event: 149.945 Thread 0x0000022d41149140 10465       1       org.springdoc.core.utils.SpringDocAnnotationsUtils$$Lambda/0x0000022d01c388d8::test (12 bytes)
Event: 149.946 Thread 0x0000022d41149140 nmethod 10465 0x0000022d4e44d290 code [0x0000022d4e44d460, 0x0000022d4e44d718]
Event: 149.946 Thread 0x0000022d41149140 10466       1       org.springdoc.core.utils.SpringDocAnnotationsUtils::lambda$isAnnotationToIgnore$1 (19 bytes)
Event: 149.946 Thread 0x0000022d41149140 nmethod 10466 0x0000022d4e766c90 code [0x0000022d4e766e60, 0x0000022d4e7670a8]
Event: 149.946 Thread 0x0000022d41149140 10473       1       java.util.Collections$UnmodifiableMap::entrySet (32 bytes)
Event: 149.947 Thread 0x0000022d41149140 nmethod 10473 0x0000022d4e83fe10 code [0x0000022d4e83ffc0, 0x0000022d4e8402a8]
Event: 149.947 Thread 0x0000022d41149140 10474       1       java.util.concurrent.atomic.AtomicLongArray::<init> (12 bytes)
Event: 149.947 Thread 0x0000022d41149140 nmethod 10474 0x0000022d4e9b9810 code [0x0000022d4e9b99a0, 0x0000022d4e9b9b48]
Event: 149.950 Thread 0x0000022d41149140 10475   !   1       org.springdoc.core.converters.AdditionalModelsConverter::resolve (169 bytes)
Event: 149.957 Thread 0x0000022d41149140 nmethod 10475 0x0000022d4e8d4a90 code [0x0000022d4e8d4f00, 0x0000022d4e8d6688]
Event: 149.957 Thread 0x0000022d41149140 10476       1       io.swagger.v3.core.jackson.ModelResolver::resolve (5599 bytes)

GC Heap History (20 events):
Event: 20.868 GC heap before
{Heap before GC invocations=20 (full 0):
 garbage-first heap   total reserved 999424K, committed 66560K, used 56853K [0x00000000c3000000, 0x0000000100000000)
  region size 1024K, 27 young (27648K), 4 survivors (4096K)
 Metaspace       used 67648K, committed 68416K, reserved 1114112K
  class space    used 9782K, committed 10112K, reserved 1048576K
}
Event: 20.883 GC heap after
{Heap after GC invocations=21 (full 0):
 garbage-first heap   total reserved 999424K, committed 66560K, used 37062K [0x00000000c3000000, 0x0000000100000000)
  region size 1024K, 3 young (3072K), 3 survivors (3072K)
 Metaspace       used 67648K, committed 68416K, reserved 1114112K
  class space    used 9782K, committed 10112K, reserved 1048576K
}
Event: 21.553 GC heap before
{Heap before GC invocations=22 (full 0):
 garbage-first heap   total reserved 999424K, committed 66560K, used 57542K [0x00000000c3000000, 0x0000000100000000)
  region size 1024K, 24 young (24576K), 3 survivors (3072K)
 Metaspace       used 70720K, committed 71488K, reserved 1114112K
  class space    used 10458K, committed 10816K, reserved 1048576K
}
Event: 21.560 GC heap after
{Heap after GC invocations=23 (full 0):
 garbage-first heap   total reserved 999424K, committed 66560K, used 39311K [0x00000000c3000000, 0x0000000100000000)
  region size 1024K, 3 young (3072K), 3 survivors (3072K)
 Metaspace       used 70720K, committed 71488K, reserved 1114112K
  class space    used 10458K, committed 10816K, reserved 1048576K
}
Event: 21.756 GC heap before
{Heap before GC invocations=23 (full 0):
 garbage-first heap   total reserved 999424K, committed 66560K, used 57743K [0x00000000c3000000, 0x0000000100000000)
  region size 1024K, 22 young (22528K), 3 survivors (3072K)
 Metaspace       used 72055K, committed 72832K, reserved 1114112K
  class space    used 10639K, committed 11008K, reserved 1048576K
}
Event: 21.762 GC heap after
{Heap after GC invocations=24 (full 0):
 garbage-first heap   total reserved 999424K, committed 66560K, used 40167K [0x00000000c3000000, 0x0000000100000000)
  region size 1024K, 2 young (2048K), 2 survivors (2048K)
 Metaspace       used 72055K, committed 72832K, reserved 1114112K
  class space    used 10639K, committed 11008K, reserved 1048576K
}
Event: 21.839 GC heap before
{Heap before GC invocations=24 (full 0):
 garbage-first heap   total reserved 999424K, committed 66560K, used 59623K [0x00000000c3000000, 0x0000000100000000)
  region size 1024K, 21 young (21504K), 2 survivors (2048K)
 Metaspace       used 72056K, committed 72832K, reserved 1114112K
  class space    used 10639K, committed 11008K, reserved 1048576K
}
Event: 21.846 GC heap after
{Heap after GC invocations=25 (full 0):
 garbage-first heap   total reserved 999424K, committed 79872K, used 43818K [0x00000000c3000000, 0x0000000100000000)
  region size 1024K, 3 young (3072K), 3 survivors (3072K)
 Metaspace       used 72056K, committed 72832K, reserved 1114112K
  class space    used 10639K, committed 11008K, reserved 1048576K
}
Event: 22.175 GC heap before
{Heap before GC invocations=26 (full 0):
 garbage-first heap   total reserved 999424K, committed 79872K, used 70442K [0x00000000c3000000, 0x0000000100000000)
  region size 1024K, 29 young (29696K), 3 survivors (3072K)
 Metaspace       used 72326K, committed 73088K, reserved 1114112K
  class space    used 10672K, committed 11008K, reserved 1048576K
}
Event: 22.182 GC heap after
{Heap after GC invocations=27 (full 0):
 garbage-first heap   total reserved 999424K, committed 79872K, used 46137K [0x00000000c3000000, 0x0000000100000000)
  region size 1024K, 3 young (3072K), 3 survivors (3072K)
 Metaspace       used 72326K, committed 73088K, reserved 1114112K
  class space    used 10672K, committed 11008K, reserved 1048576K
}
Event: 22.711 GC heap before
{Heap before GC invocations=27 (full 0):
 garbage-first heap   total reserved 999424K, committed 79872K, used 70713K [0x00000000c3000000, 0x0000000100000000)
  region size 1024K, 27 young (27648K), 3 survivors (3072K)
 Metaspace       used 73454K, committed 74304K, reserved 1114112K
  class space    used 10833K, committed 11200K, reserved 1048576K
}
Event: 22.719 GC heap after
{Heap after GC invocations=28 (full 0):
 garbage-first heap   total reserved 999424K, committed 79872K, used 46751K [0x00000000c3000000, 0x0000000100000000)
  region size 1024K, 4 young (4096K), 4 survivors (4096K)
 Metaspace       used 73454K, committed 74304K, reserved 1114112K
  class space    used 10833K, committed 11200K, reserved 1048576K
}
Event: 23.370 GC heap before
{Heap before GC invocations=28 (full 0):
 garbage-first heap   total reserved 999424K, committed 79872K, used 68255K [0x00000000c3000000, 0x0000000100000000)
  region size 1024K, 26 young (26624K), 4 survivors (4096K)
 Metaspace       used 75791K, committed 76736K, reserved 1179648K
  class space    used 11211K, committed 11648K, reserved 1048576K
}
Event: 23.380 GC heap after
{Heap after GC invocations=29 (full 0):
 garbage-first heap   total reserved 999424K, committed 79872K, used 49428K [0x00000000c3000000, 0x0000000100000000)
  region size 1024K, 3 young (3072K), 3 survivors (3072K)
 Metaspace       used 75791K, committed 76736K, reserved 1179648K
  class space    used 11211K, committed 11648K, reserved 1048576K
}
Event: 88.569 GC heap before
{Heap before GC invocations=30 (full 0):
 garbage-first heap   total reserved 999424K, committed 81920K, used 69908K [0x00000000c3000000, 0x0000000100000000)
  region size 1024K, 25 young (25600K), 3 survivors (3072K)
 Metaspace       used 76924K, committed 77888K, reserved 1179648K
  class space    used 11395K, committed 11776K, reserved 1048576K
}
Event: 88.590 GC heap after
{Heap after GC invocations=31 (full 0):
 garbage-first heap   total reserved 999424K, committed 81920K, used 49805K [0x00000000c3000000, 0x0000000100000000)
  region size 1024K, 2 young (2048K), 2 survivors (2048K)
 Metaspace       used 76924K, committed 77888K, reserved 1179648K
  class space    used 11395K, committed 11776K, reserved 1048576K
}
Event: 147.398 GC heap before
{Heap before GC invocations=31 (full 0):
 garbage-first heap   total reserved 999424K, committed 81920K, used 72333K [0x00000000c3000000, 0x0000000100000000)
  region size 1024K, 25 young (25600K), 2 survivors (2048K)
 Metaspace       used 79127K, committed 80128K, reserved 1179648K
  class space    used 11690K, committed 12160K, reserved 1048576K
}
Event: 147.422 GC heap after
{Heap after GC invocations=32 (full 0):
 garbage-first heap   total reserved 999424K, committed 81920K, used 49968K [0x00000000c3000000, 0x0000000100000000)
  region size 1024K, 4 young (4096K), 4 survivors (4096K)
 Metaspace       used 79127K, committed 80128K, reserved 1179648K
  class space    used 11690K, committed 12160K, reserved 1048576K
}
Event: 148.581 GC heap before
{Heap before GC invocations=32 (full 0):
 garbage-first heap   total reserved 999424K, committed 81920K, used 71472K [0x00000000c3000000, 0x0000000100000000)
  region size 1024K, 26 young (26624K), 4 survivors (4096K)
 Metaspace       used 80676K, committed 81664K, reserved 1179648K
  class space    used 11971K, committed 12416K, reserved 1048576K
}
Event: 148.598 GC heap after
{Heap after GC invocations=33 (full 0):
 garbage-first heap   total reserved 999424K, committed 81920K, used 50928K [0x00000000c3000000, 0x0000000100000000)
  region size 1024K, 3 young (3072K), 3 survivors (3072K)
 Metaspace       used 80676K, committed 81664K, reserved 1179648K
  class space    used 11971K, committed 12416K, reserved 1048576K
}

Dll operation events (13 events):
Event: 0.080 Loaded shared library C:\Users\AichDiallo\.jdks\openjdk-22.0.2\bin\java.dll
Event: 2.762 Loaded shared library C:\Users\AichDiallo\.jdks\openjdk-22.0.2\bin\zip.dll
Event: 2.806 Loaded shared library C:\Users\AichDiallo\.jdks\openjdk-22.0.2\bin\instrument.dll
Event: 2.830 Loaded shared library C:\Users\AichDiallo\.jdks\openjdk-22.0.2\bin\net.dll
Event: 2.836 Loaded shared library C:\Users\AichDiallo\.jdks\openjdk-22.0.2\bin\nio.dll
Event: 2.855 Loaded shared library C:\Users\AichDiallo\.jdks\openjdk-22.0.2\bin\zip.dll
Event: 3.228 Loaded shared library C:\Program Files\JetBrains\IntelliJ IDEA 2024.1.1\bin\breakgen64.dll
Event: 3.249 Loaded shared library C:\Users\AichDiallo\.jdks\openjdk-22.0.2\bin\jimage.dll
Event: 3.264 Loaded shared library C:\Users\AichDiallo\.jdks\openjdk-22.0.2\bin\extnet.dll
Event: 3.345 Loaded shared library C:\Users\AichDiallo\.jdks\openjdk-22.0.2\bin\management.dll
Event: 3.390 Loaded shared library C:\Users\AichDiallo\.jdks\openjdk-22.0.2\bin\management_ext.dll
Event: 8.283 Loaded shared library C:\Users\AichDiallo\.jdks\openjdk-22.0.2\bin\sunmscapi.dll
Event: 14.164 Loaded shared library C:\Users\AichDiallo\.jdks\openjdk-22.0.2\bin\verify.dll

Deoptimization events (8 events):
Event: 17.328 Thread 0x0000022d41ec3f20 DEOPT PACKING pc=0x0000022d4e3a9ddc sp=0x000000eb37bf8740
Event: 17.328 Thread 0x0000022d41ec3f20 DEOPT UNPACKING pc=0x0000022d4dee4e23 sp=0x000000eb37bf7bc8 mode 0
Event: 18.255 Thread 0x0000022d41ec3f20 DEOPT PACKING pc=0x0000022d4eb23ca4 sp=0x000000eb37bf8dc0
Event: 18.255 Thread 0x0000022d41ec3f20 DEOPT UNPACKING pc=0x0000022d4dee4e23 sp=0x000000eb37bf8348 mode 0
Event: 19.856 Thread 0x0000022d41ec3f20 DEOPT PACKING pc=0x0000022d4e31a794 sp=0x000000eb37bfa9f0
Event: 19.857 Thread 0x0000022d41ec3f20 DEOPT UNPACKING pc=0x0000022d4dee4e23 sp=0x000000eb37bf9f48 mode 0
Event: 20.239 Thread 0x0000022d41ec3f20 DEOPT PACKING pc=0x0000022d4e3602b9 sp=0x000000eb37bfaaf0
Event: 20.239 Thread 0x0000022d41ec3f20 DEOPT UNPACKING pc=0x0000022d4dee4e23 sp=0x000000eb37bf9ff8 mode 3

Classes loaded (20 events):
Event: 148.149 Loading class java/text/CharacterIterator
Event: 148.149 Loading class java/text/CharacterIterator done
Event: 148.149 Loading class java/text/StringCharacterIterator
Event: 148.150 Loading class java/text/StringCharacterIterator done
Event: 148.302 Loading class java/lang/package-info
Event: 148.302 Loading class java/lang/package-info done
Event: 148.332 Loading class java/util/package-info
Event: 148.332 Loading class java/util/package-info done
Event: 148.368 Loading class java/util/stream/ReduceOps$4
Event: 148.368 Loading class java/util/stream/ReduceOps$4 done
Event: 148.368 Loading class java/util/stream/ReduceOps$4ReducingSink
Event: 148.369 Loading class java/util/stream/ReduceOps$4ReducingSink done
Event: 148.533 Loading class sun/util/resources/LocaleData$CommonResourceBundleProvider
Event: 148.533 Loading class sun/util/resources/LocaleData$LocaleDataResourceBundleProvider
Event: 148.533 Loading class java/util/spi/ResourceBundleProvider
Event: 148.534 Loading class java/util/spi/ResourceBundleProvider done
Event: 148.534 Loading class sun/util/resources/LocaleData$LocaleDataResourceBundleProvider done
Event: 148.534 Loading class sun/util/resources/LocaleData$CommonResourceBundleProvider done
Event: 148.535 Loading class sun/util/resources/Bundles$2
Event: 148.535 Loading class sun/util/resources/Bundles$2 done

Classes unloaded (20 events):
Event: 148.908 Thread 0x0000022d41128520 Unloading class 0x0000022d010d4400 'java/lang/invoke/LambdaForm$MH+0x0000022d010d4400'
Event: 148.908 Thread 0x0000022d41128520 Unloading class 0x0000022d010d4000 'java/lang/invoke/LambdaForm$MH+0x0000022d010d4000'
Event: 148.908 Thread 0x0000022d41128520 Unloading class 0x0000022d010c0800 'java/lang/invoke/LambdaForm$DMH+0x0000022d010c0800'
Event: 148.908 Thread 0x0000022d41128520 Unloading class 0x0000022d010c0000 'java/lang/invoke/LambdaForm$DMH+0x0000022d010c0000'
Event: 148.908 Thread 0x0000022d41128520 Unloading class 0x0000022d0100c800 'java/lang/invoke/LambdaForm$MH+0x0000022d0100c800'
Event: 148.908 Thread 0x0000022d41128520 Unloading class 0x0000022d0100c400 'java/lang/invoke/LambdaForm$DMH+0x0000022d0100c400'
Event: 148.908 Thread 0x0000022d41128520 Unloading class 0x0000022d0100c000 'java/lang/invoke/LambdaForm$DMH+0x0000022d0100c000'
Event: 148.908 Thread 0x0000022d41128520 Unloading class 0x0000022d0100b400 'java/lang/invoke/LambdaForm$MH+0x0000022d0100b400'
Event: 148.908 Thread 0x0000022d41128520 Unloading class 0x0000022d0100a800 'java/lang/invoke/LambdaForm$MH+0x0000022d0100a800'
Event: 148.908 Thread 0x0000022d41128520 Unloading class 0x0000022d0100a400 'java/lang/invoke/LambdaForm$MH+0x0000022d0100a400'
Event: 148.908 Thread 0x0000022d41128520 Unloading class 0x0000022d0100a000 'java/lang/invoke/LambdaForm$MH+0x0000022d0100a000'
Event: 148.908 Thread 0x0000022d41128520 Unloading class 0x0000022d01009800 'java/lang/invoke/LambdaForm$MH+0x0000022d01009800'
Event: 148.908 Thread 0x0000022d41128520 Unloading class 0x0000022d01008c00 'java/lang/invoke/LambdaForm$MH+0x0000022d01008c00'
Event: 148.908 Thread 0x0000022d41128520 Unloading class 0x0000022d01007800 'java/lang/invoke/LambdaForm$MH+0x0000022d01007800'
Event: 148.908 Thread 0x0000022d41128520 Unloading class 0x0000022d01007400 'java/lang/invoke/LambdaForm$MH+0x0000022d01007400'
Event: 148.908 Thread 0x0000022d41128520 Unloading class 0x0000022d01006c00 'java/lang/invoke/LambdaForm$MH+0x0000022d01006c00'
Event: 148.908 Thread 0x0000022d41128520 Unloading class 0x0000022d01002400 'java/lang/invoke/LambdaForm$MH+0x0000022d01002400'
Event: 148.908 Thread 0x0000022d41128520 Unloading class 0x0000022d01002000 'java/lang/invoke/LambdaForm$MH+0x0000022d01002000'
Event: 148.908 Thread 0x0000022d41128520 Unloading class 0x0000022d01001c00 'java/lang/invoke/LambdaForm$MH+0x0000022d01001c00'
Event: 148.908 Thread 0x0000022d41128520 Unloading class 0x0000022d01001400 'java/lang/invoke/LambdaForm$MH+0x0000022d01001400'

Classes redefined (0 events):
No events

Internal exceptions (20 events):
Event: 20.745 Thread 0x0000022d41ec3f20 Exception <a 'java/io/FileNotFoundException'{0x00000000c5e8b198}> (0x00000000c5e8b198) 
thrown [s\open\src\hotspot\share\prims\jni.cpp, line 520]
Event: 20.796 Thread 0x0000022d41ec3f20 Exception <a 'sun/nio/fs/WindowsException'{0x00000000c5c16228}> (0x00000000c5c16228) 
thrown [s\open\src\hotspot\share\prims\jni.cpp, line 520]
Event: 22.281 Thread 0x0000022d41ec3f20 Exception <a 'java/lang/NoSuchMethodError'{0x00000000c7701f98}: 'java.lang.Object java.lang.invoke.DirectMethodHandle$Holder.invokeStatic(java.lang.Object, java.lang.Object, java.lang.Object, java.lang.Object, java.lang.Object, java.lang.Object, java.lang.Object, java.lang.Object, java.lang.Object, java.lang.Object, java.lang.Object, java.lang.Object, java.lang.Object)'> (0x00000000c7701f98) 
thrown [s\open\src\hotspot\share\interpreter\linkResolver.cpp, line 774]
Event: 22.282 Thread 0x0000022d41ec3f20 Exception <a 'java/lang/NoSuchMethodError'{0x00000000c7720400}: 'java.lang.Object java.lang.invoke.DirectMethodHandle$Holder.invokeStatic(java.lang.Object, java.lang.Object, java.lang.Object, java.lang.Object, java.lang.Object, java.lang.Object, java.lang.Object, java.lang.Object, java.lang.Object, java.lang.Object, java.lang.Object, java.lang.Object, java.lang.Object, java.lang.Object)'> (0x00000000c7720400) 
thrown [s\open\src\hotspot\share\interpreter\linkResolver.cpp, line 774]
Event: 22.285 Thread 0x0000022d41ec3f20 Exception <a 'java/lang/NoSuchMethodError'{0x00000000c773b170}: 'java.lang.Object java.lang.invoke.DirectMethodHandle$Holder.newInvokeSpecial(java.lang.Object, java.lang.Object, java.lang.Object, java.lang.Object, java.lang.Object, java.lang.Object, java.lang.Object, java.lang.Object, java.lang.Object, java.lang.Object, java.lang.Object, java.lang.Object, java.lang.Object)'> (0x00000000c773b170) 
thrown [s\open\src\hotspot\share\interpreter\linkResolver.cpp, line 774]
Event: 22.285 Thread 0x0000022d41ec3f20 Exception <a 'java/lang/NoSuchMethodError'{0x00000000c773fc30}: 'java.lang.Object java.lang.invoke.DelegatingMethodHandle$Holder.reinvoke_L(java.lang.Object, java.lang.Object, java.lang.Object, java.lang.Object, java.lang.Object, java.lang.Object, java.lang.Object, java.lang.Object, java.lang.Object, java.lang.Object, java.lang.Object, java.lang.Object, java.lang.Object)'> (0x00000000c773fc30) 
thrown [s\open\src\hotspot\share\interpreter\linkResolver.cpp, line 774]
Event: 22.288 Thread 0x0000022d41ec3f20 Exception <a 'java/lang/NoSuchMethodError'{0x00000000c77ab4f0}: 'java.lang.Object java.lang.invoke.DirectMethodHandle$Holder.invokeStatic(java.lang.Object, java.lang.Object, java.lang.Object, java.lang.Object, java.lang.Object, java.lang.Object, java.lang.Object, java.lang.Object, java.lang.Object, java.lang.Object, java.lang.Object, java.lang.Object, java.lang.Object, java.lang.Object, java.lang.Object)'> (0x00000000c77ab4f0) 
thrown [s\open\src\hotspot\share\interpreter\linkResolver.cpp, line 774]
Event: 22.291 Thread 0x0000022d41ec3f20 Exception <a 'java/lang/NoSuchMethodError'{0x00000000c77ccd98}: 'java.lang.Object java.lang.invoke.DirectMethodHandle$Holder.invokeStatic(java.lang.Object, java.lang.Object, java.lang.Object, java.lang.Object, java.lang.Object, java.lang.Object, java.lang.Object, java.lang.Object, java.lang.Object, java.lang.Object, java.lang.Object, java.lang.Object, java.lang.Object, java.lang.Object, java.lang.Object, java.lang.Object)'> (0x00000000c77ccd98) 
thrown [s\open\src\hotspot\share\interpreter\linkResolver.cpp
Event: 23.045 Thread 0x0000022d41ec3f20 Exception <a 'java/lang/IncompatibleClassChangeError'{0x00000000c73e4bf8}: Found class java.lang.Object, but interface was expected> (0x00000000c73e4bf8) 
thrown [s\open\src\hotspot\share\interpreter\linkResolver.cpp, line 841]
Event: 23.189 Thread 0x0000022d41ec3f20 Exception <a 'java/lang/NoSuchMethodError'{0x00000000c6e85070}: 'java.lang.Object java.lang.invoke.DirectMethodHandle$Holder.invokeInterface(java.lang.Object, java.lang.Object, java.lang.Object, java.lang.Object)'> (0x00000000c6e85070) 
thrown [s\open\src\hotspot\share\interpreter\linkResolver.cpp, line 774]
Event: 23.241 Thread 0x0000022d41ec3f20 Exception <a 'java/lang/NoSuchMethodError'{0x00000000c6c12598}: 'void java.lang.invoke.DirectMethodHandle$Holder.invokeVirtual(java.lang.Object, java.lang.Object, long)'> (0x00000000c6c12598) 
thrown [s\open\src\hotspot\share\interpreter\linkResolver.cpp, line 774]
Event: 23.297 Thread 0x0000022d41ec3f20 Exception <a 'java/lang/NoSuchMethodError'{0x00000000c6a586b0}: 'int java.lang.invoke.DirectMethodHandle$Holder.invokeStaticInit(java.lang.Object, java.lang.Object, java.lang.Object, java.lang.Object)'> (0x00000000c6a586b0) 
thrown [s\open\src\hotspot\share\interpreter\linkResolver.cpp, line 774]
Event: 23.327 Thread 0x0000022d41ec3f20 Exception <a 'java/lang/NoSuchMethodError'{0x00000000c6963e30}: 'java.lang.Object java.lang.invoke.DirectMethodHandle$Holder.invokeVirtual(java.lang.Object, java.lang.Object, java.lang.Object, java.lang.Object, java.lang.Object, java.lang.Object, java.lang.Object, java.lang.Object, java.lang.Object)'> (0x00000000c6963e30) 
thrown [s\open\src\hotspot\share\interpreter\linkResolver.cpp, line 774]
Event: 23.397 Thread 0x0000022d41ec3f20 Exception <a 'java/lang/NoSuchMethodError'{0x00000000c7d381d8}: 'java.lang.Object java.lang.invoke.DirectMethodHandle$Holder.invokeVirtual(java.lang.Object, java.lang.Object, java.lang.Object, java.lang.Object, java.lang.Object, java.lang.Object, java.lang.Object, java.lang.Object, java.lang.Object, java.lang.Object)'> (0x00000000c7d381d8) 
thrown [s\open\src\hotspot\share\interpreter\linkResolver.cpp, line 774]
Event: 23.532 Thread 0x0000022d41ec3f20 Exception <a 'java/lang/IncompatibleClassChangeError'{0x00000000c7a648f8}: Found class java.lang.Object, but interface was expected> (0x00000000c7a648f8) 
thrown [s\open\src\hotspot\share\interpreter\linkResolver.cpp, line 841]
Event: 23.772 Thread 0x0000022d41ec3f20 Exception <a 'java/lang/NoSuchMethodError'{0x00000000c764eba0}: 'java.lang.Object java.lang.invoke.DirectMethodHandle$Holder.newInvokeSpecial(java.lang.Object, java.lang.Object, int, java.lang.Object, java.lang.Object)'> (0x00000000c764eba0) 
thrown [s\open\src\hotspot\share\interpreter\linkResolver.cpp, line 774]
Event: 24.356 Thread 0x0000022d428a8fe0 Exception <a 'java/lang/NoSuchMethodError'{0x00000000c733e628}: 'java.lang.Object java.lang.invoke.DirectMethodHandle$Holder.invokeInterface(java.lang.Object, java.lang.Object, java.lang.Object, java.lang.Object, java.lang.Object, java.lang.Object, java.lang.Object)'> (0x00000000c733e628) 
thrown [s\open\src\hotspot\share\interpreter\linkResolver.cpp, line 774]
Event: 144.896 Thread 0x0000022d5acfc230 Exception <a 'java/lang/NoSuchMethodError'{0x00000000c75154b8}: 'java.lang.Object java.lang.invoke.DirectMethodHandle$Holder.invokeSpecial(java.lang.Object, java.lang.Object, java.lang.Object, java.lang.Object, java.lang.Object, long)'> (0x00000000c75154b8) 
thrown [s\open\src\hotspot\share\interpreter\linkResolver.cpp, line 774]
Event: 144.896 Thread 0x0000022d5acfc230 Exception <a 'java/lang/NoSuchMethodError'{0x00000000c7518c88}: 'java.lang.Object java.lang.invoke.Invokers$Holder.linkToTargetMethod(java.lang.Object, java.lang.Object, java.lang.Object, long, java.lang.Object)'> (0x00000000c7518c88) 
thrown [s\open\src\hotspot\share\interpreter\linkResolver.cpp, line 774]
Event: 145.204 Thread 0x0000022d5acfc230 Exception <a 'java/lang/NoSuchMethodError'{0x00000000c733cb68}: 'java.lang.Object java.lang.invoke.DirectMethodHandle$Holder.invokeStatic(java.lang.Object, int, int)'> (0x00000000c733cb68) 
thrown [s\open\src\hotspot\share\interpreter\linkResolver.cpp, line 774]

ZGC Phase Switch (0 events):
No events

VM Operations (20 events):
Event: 147.084 Executing VM operation: HandshakeAllThreads (Deoptimize)
Event: 147.085 Executing VM operation: HandshakeAllThreads (Deoptimize) done
Event: 147.085 Executing VM operation: Cleanup
Event: 147.085 Executing VM operation: Cleanup done
Event: 147.398 Executing VM operation: G1CollectForAllocation (G1 Evacuation Pause)
Event: 147.422 Executing VM operation: G1CollectForAllocation (G1 Evacuation Pause) done
Event: 147.519 Executing VM operation: HandshakeAllThreads (Deoptimize)
Event: 147.519 Executing VM operation: HandshakeAllThreads (Deoptimize) done
Event: 148.177 Executing VM operation: HandshakeAllThreads (Deoptimize)
Event: 148.177 Executing VM operation: HandshakeAllThreads (Deoptimize) done
Event: 148.277 Executing VM operation: HandshakeAllThreads (Deoptimize)
Event: 148.277 Executing VM operation: HandshakeAllThreads (Deoptimize) done
Event: 148.346 Executing VM operation: ICBufferFull
Event: 148.347 Executing VM operation: ICBufferFull done
Event: 148.581 Executing VM operation: G1CollectForAllocation (G1 Evacuation Pause)
Event: 148.598 Executing VM operation: G1CollectForAllocation (G1 Evacuation Pause) done
Event: 148.896 Executing VM operation: G1PauseRemark
Event: 149.202 Executing VM operation: G1PauseRemark done
Event: 149.709 Executing VM operation: G1PauseCleanup
Event: 149.710 Executing VM operation: G1PauseCleanup done

Memory protections (0 events):
No events

Nmethod flushes (20 events):
Event: 149.193 Thread 0x0000022d41128520 flushing  nmethod 0x0000022d4e98ef90
Event: 149.193 Thread 0x0000022d41128520 flushing  nmethod 0x0000022d4e98fa10
Event: 149.193 Thread 0x0000022d41128520 flushing  nmethod 0x0000022d4e98fd90
Event: 149.193 Thread 0x0000022d41128520 flushing  nmethod 0x0000022d4e991b10
Event: 149.193 Thread 0x0000022d41128520 flushing  nmethod 0x0000022d4e991e10
Event: 149.193 Thread 0x0000022d41128520 flushing  nmethod 0x0000022d4e992210
Event: 149.193 Thread 0x0000022d41128520 flushing  nmethod 0x0000022d4e992990
Event: 149.193 Thread 0x0000022d41128520 flushing  nmethod 0x0000022d4e992d90
Event: 149.193 Thread 0x0000022d41128520 flushing  nmethod 0x0000022d4e993410
Event: 149.193 Thread 0x0000022d41128520 flushing  nmethod 0x0000022d4e995a10
Event: 149.193 Thread 0x0000022d41128520 flushing  nmethod 0x0000022d4e996010
Event: 149.193 Thread 0x0000022d41128520 flushing  nmethod 0x0000022d4e997510
Event: 149.193 Thread 0x0000022d41128520 flushing  nmethod 0x0000022d4e9a7510
Event: 149.193 Thread 0x0000022d41128520 flushing  nmethod 0x0000022d4e9a7890
Event: 149.193 Thread 0x0000022d41128520 flushing  nmethod 0x0000022d4e9a9210
Event: 149.193 Thread 0x0000022d41128520 flushing  nmethod 0x0000022d4e9a9c10
Event: 149.193 Thread 0x0000022d41128520 flushing  nmethod 0x0000022d4e9b9810
Event: 149.193 Thread 0x0000022d41128520 flushing  nmethod 0x0000022d4e9ba410
Event: 149.193 Thread 0x0000022d41128520 flushing  nmethod 0x0000022d4ebfb410
Event: 149.193 Thread 0x0000022d41128520 flushing  nmethod 0x0000022d4ec50290

Events (20 events):
Event: 23.803 Thread 0x0000022d41ec3f20 Thread added: 0x0000022d5acfa160
Event: 23.806 Thread 0x0000022d41ec3f20 Thread added: 0x0000022d5acfe990
Event: 23.807 Thread 0x0000022d428a8fe0 Thread added: 0x0000022d5acf8090
Event: 23.819 Thread 0x0000022d5acf8090 Thread exited: 0x0000022d5acf8090
Event: 23.836 Thread 0x0000022d41ec3f20 Thread exited: 0x0000022d41ec3f20
Event: 23.840 Thread 0x0000022d41e9b0e0 Thread exited: 0x0000022d41e9b0e0
Event: 23.840 Thread 0x0000022d45b59f60 Thread exited: 0x0000022d45b59f60
Event: 23.840 Thread 0x0000022d5acf8db0 Thread added: 0x0000022d5acf8db0
Event: 24.323 Thread 0x0000022d428a8fe0 Thread added: 0x0000022d5acf8090
Event: 24.337 Thread 0x0000022d5acf8090 Thread exited: 0x0000022d5acf8090
Event: 24.340 Thread 0x0000022d428a8fe0 Thread added: 0x0000022d5acfa7f0
Event: 24.366 Thread 0x0000022d5acfa7f0 Thread exited: 0x0000022d5acfa7f0
Event: 24.368 Thread 0x0000022d428a8fe0 Thread added: 0x0000022d5acf8090
Event: 24.379 Thread 0x0000022d5acf8090 Thread exited: 0x0000022d5acf8090
Event: 29.879 Thread 0x0000022d42ec4a80 Thread exited: 0x0000022d42ec4a80
Event: 40.770 Thread 0x0000022d42a77540 Thread exited: 0x0000022d42a77540
Event: 112.350 Thread 0x0000022d428a8fe0 Thread exited: 0x0000022d428a8fe0
Event: 148.033 Thread 0x0000022d5acfcf50 Thread added: 0x0000022d5acff6b0
Event: 148.034 Thread 0x0000022d5acfcf50 Thread added: 0x0000022d5acf9440
Event: 148.034 Thread 0x0000022d5acfcf50 Thread added: 0x0000022d5acf9ad0


Dynamic libraries:
0x00007ff654b90000 - 0x00007ff654b9e000 	C:\Users\AichDiallo\.jdks\openjdk-22.0.2\bin\java.exe
0x00007ff9dfcd0000 - 0x00007ff9dfec8000 	C:\Windows\SYSTEM32\ntdll.dll
0x00007ff9df0d0000 - 0x00007ff9df191000 	C:\Windows\System32\KERNEL32.DLL
0x00007ff9dd4d0000 - 0x00007ff9dd7cd000 	C:\Windows\System32\KERNELBASE.dll
0x00007ff9dd980000 - 0x00007ff9dda80000 	C:\Windows\System32\ucrtbase.dll
0x00007ff9d8590000 - 0x00007ff9d85a7000 	C:\Users\AichDiallo\.jdks\openjdk-22.0.2\bin\jli.dll
0x00007ff9d7e80000 - 0x00007ff9d7e9b000 	C:\Users\AichDiallo\.jdks\openjdk-22.0.2\bin\VCRUNTIME140.dll
0x00007ff9dde30000 - 0x00007ff9ddfcd000 	C:\Windows\System32\USER32.dll
0x00007ff9c9be0000 - 0x00007ff9c9e7a000 	C:\Windows\WinSxS\amd64_microsoft.windows.common-controls_6595b64144ccf1df_6.0.19041.4355_none_60b8b9eb71f62e16\COMCTL32.dll
0x00007ff9ddba0000 - 0x00007ff9ddbc2000 	C:\Windows\System32\win32u.dll
0x00007ff9df9c0000 - 0x00007ff9dfa5e000 	C:\Windows\System32\msvcrt.dll
0x00007ff9ddfd0000 - 0x00007ff9ddffb000 	C:\Windows\System32\GDI32.dll
0x00007ff9dda80000 - 0x00007ff9ddb97000 	C:\Windows\System32\gdi32full.dll
0x00007ff9ddbd0000 - 0x00007ff9ddc6d000 	C:\Windows\System32\msvcp_win.dll
0x00007ff9de0e0000 - 0x00007ff9de10f000 	C:\Windows\System32\IMM32.DLL
0x00007ff9d8a10000 - 0x00007ff9d8a1c000 	C:\Users\AichDiallo\.jdks\openjdk-22.0.2\bin\vcruntime140_1.dll
0x00007ff9d5680000 - 0x00007ff9d570e000 	C:\Users\AichDiallo\.jdks\openjdk-22.0.2\bin\msvcp140.dll
0x00007ff99a870000 - 0x00007ff99b5b9000 	C:\Users\AichDiallo\.jdks\openjdk-22.0.2\bin\server\jvm.dll
0x00007ff9de340000 - 0x00007ff9de3f0000 	C:\Windows\System32\ADVAPI32.dll
0x00007ff9de4b0000 - 0x00007ff9de550000 	C:\Windows\System32\sechost.dll
0x00007ff9ddd00000 - 0x00007ff9dde23000 	C:\Windows\System32\RPCRT4.dll
0x00007ff9dd430000 - 0x00007ff9dd457000 	C:\Windows\System32\bcrypt.dll
0x00007ff9de190000 - 0x00007ff9de1fb000 	C:\Windows\System32\WS2_32.dll
0x00007ff9dd120000 - 0x00007ff9dd16b000 	C:\Windows\SYSTEM32\POWRPROF.dll
0x00007ff9c6a90000 - 0x00007ff9c6ab7000 	C:\Windows\SYSTEM32\WINMM.dll
0x00007ff9d31e0000 - 0x00007ff9d31ea000 	C:\Windows\SYSTEM32\VERSION.dll
0x00007ff9dd100000 - 0x00007ff9dd112000 	C:\Windows\SYSTEM32\UMPDC.dll
0x00007ff9dbb90000 - 0x00007ff9dbba2000 	C:\Windows\SYSTEM32\kernel.appcore.dll
0x00007ff9d6ea0000 - 0x00007ff9d6eaa000 	C:\Users\AichDiallo\.jdks\openjdk-22.0.2\bin\jimage.dll
0x00007ff9db100000 - 0x00007ff9db2e4000 	C:\Windows\SYSTEM32\DBGHELP.DLL
0x00007ff9b9ec0000 - 0x00007ff9b9ef4000 	C:\Windows\SYSTEM32\dbgcore.DLL
0x00007ff9ddc70000 - 0x00007ff9ddcf2000 	C:\Windows\System32\bcryptPrimitives.dll
0x00007ff9d6df0000 - 0x00007ff9d6dff000 	C:\Users\AichDiallo\.jdks\openjdk-22.0.2\bin\instrument.dll
0x00007ff9d6e80000 - 0x00007ff9d6e9e000 	C:\Users\AichDiallo\.jdks\openjdk-22.0.2\bin\java.dll
0x00007ff9df250000 - 0x00007ff9df9bf000 	C:\Windows\System32\SHELL32.dll
0x00007ff9defa0000 - 0x00007ff9df0cb000 	C:\Windows\System32\ole32.dll
0x00007ff9de550000 - 0x00007ff9de8a3000 	C:\Windows\System32\combase.dll
0x00007ff9db2f0000 - 0x00007ff9dba8f000 	C:\Windows\SYSTEM32\windows.storage.dll
0x00007ff9dccd0000 - 0x00007ff9dccfe000 	C:\Windows\SYSTEM32\Wldp.dll
0x00007ff9de000000 - 0x00007ff9de0cd000 	C:\Windows\System32\OLEAUT32.dll
0x00007ff9de8c0000 - 0x00007ff9de96d000 	C:\Windows\System32\SHCORE.dll
0x00007ff9de450000 - 0x00007ff9de4a5000 	C:\Windows\System32\shlwapi.dll
0x00007ff9dd2b0000 - 0x00007ff9dd2d4000 	C:\Windows\SYSTEM32\profapi.dll
0x00007ff9d6e20000 - 0x00007ff9d6e37000 	C:\Users\AichDiallo\.jdks\openjdk-22.0.2\bin\zip.dll
0x00007ff9d6e70000 - 0x00007ff9d6e80000 	C:\Users\AichDiallo\.jdks\openjdk-22.0.2\bin\net.dll
0x00007ff9dca30000 - 0x00007ff9dca9a000 	C:\Windows\system32\mswsock.dll
0x00007ff9d6e40000 - 0x00007ff9d6e56000 	C:\Users\AichDiallo\.jdks\openjdk-22.0.2\bin\nio.dll
0x00007ff9d6d90000 - 0x00007ff9d6daa000 	C:\Program Files\JetBrains\IntelliJ IDEA 2024.1.1\bin\breakgen64.dll
0x00007ff9d6d80000 - 0x00007ff9d6d89000 	C:\Users\AichDiallo\.jdks\openjdk-22.0.2\bin\extnet.dll
0x00007ff9dc750000 - 0x00007ff9dc81a000 	C:\Windows\SYSTEM32\DNSAPI.dll
0x00007ff9dc710000 - 0x00007ff9dc74b000 	C:\Windows\SYSTEM32\IPHLPAPI.DLL
0x00007ff9dede0000 - 0x00007ff9dede8000 	C:\Windows\System32\NSI.dll
0x0000000062d20000 - 0x0000000062d46000 	C:\Program Files\Bonjour\mdnsNSP.dll
0x00007ff9d4400000 - 0x00007ff9d440a000 	C:\Windows\System32\rasadhlp.dll
0x00007ff9c8a30000 - 0x00007ff9c8ab0000 	C:\Windows\System32\fwpuclnt.dll
0x00007ff9d67f0000 - 0x00007ff9d67fa000 	C:\Users\AichDiallo\.jdks\openjdk-22.0.2\bin\management.dll
0x00007ff9d67e0000 - 0x00007ff9d67eb000 	C:\Users\AichDiallo\.jdks\openjdk-22.0.2\bin\management_ext.dll
0x00007ff9de0d0000 - 0x00007ff9de0d8000 	C:\Windows\System32\PSAPI.DLL
0x00007ff9dcc30000 - 0x00007ff9dcc48000 	C:\Windows\SYSTEM32\CRYPTSP.dll
0x00007ff9dc350000 - 0x00007ff9dc384000 	C:\Windows\system32\rsaenh.dll
0x00007ff9dd220000 - 0x00007ff9dd24e000 	C:\Windows\SYSTEM32\USERENV.dll
0x00007ff9dcc20000 - 0x00007ff9dcc2c000 	C:\Windows\SYSTEM32\CRYPTBASE.dll
0x00007ff99dcb0000 - 0x00007ff99dcc7000 	C:\Windows\system32\napinsp.dll
0x00007ff99dc90000 - 0x00007ff99dcab000 	C:\Windows\system32\pnrpnsp.dll
0x00007ff9d8a60000 - 0x00007ff9d8a75000 	C:\Windows\system32\wshbth.dll
0x00007ff9d85c0000 - 0x00007ff9d85dd000 	C:\Windows\system32\NLAapi.dll
0x00007ff99d5b0000 - 0x00007ff99d5c2000 	C:\Windows\System32\winrnr.dll
0x00007ff9d6760000 - 0x00007ff9d676e000 	C:\Users\AichDiallo\.jdks\openjdk-22.0.2\bin\sunmscapi.dll
0x00007ff9dd820000 - 0x00007ff9dd97e000 	C:\Windows\System32\CRYPT32.dll
0x00007ff9dcd40000 - 0x00007ff9dcd69000 	C:\Windows\SYSTEM32\ncrypt.dll
0x00007ff9dcd00000 - 0x00007ff9dcd3b000 	C:\Windows\SYSTEM32\NTASN1.dll
0x00007ff9d6750000 - 0x00007ff9d6760000 	C:\Users\AichDiallo\.jdks\openjdk-22.0.2\bin\verify.dll
0x00007ff9804a0000 - 0x00007ff9804a7000 	C:\Windows\system32\wshunix.dll

dbghelp: loaded successfully - version: 4.0.5 - missing functions: none
symbol engine: initialized successfully - sym options: 0x614 - pdb path: .;C:\Users\AichDiallo\.jdks\openjdk-22.0.2\bin;C:\Windows\SYSTEM32;C:\Windows\WinSxS\amd64_microsoft.windows.common-controls_6595b64144ccf1df_6.0.19041.4355_none_60b8b9eb71f62e16;C:\Users\AichDiallo\.jdks\openjdk-22.0.2\bin\server;C:\Program Files\JetBrains\IntelliJ IDEA 2024.1.1\bin;C:\Program Files\Bonjour

VM Arguments:
jvm_args: --enable-preview -XX:TieredStopAtLevel=1 -Dspring.output.ansi.enabled=always -Dcom.sun.management.jmxremote -Dspring.jmx.enabled=true -Dspring.liveBeansView.mbeanDomain -Dspring.application.admin.enabled=true -Dmanagement.endpoints.jmx.exposure.include=* -javaagent:C:\Program Files\JetBrains\IntelliJ IDEA 2024.1.1\lib\idea_rt.jar=65272:C:\Program Files\JetBrains\IntelliJ IDEA 2024.1.1\bin -Dfile.encoding=UTF-8 -Dsun.stdout.encoding=UTF-8 -Dsun.stderr.encoding=UTF-8 
java_command: SPA.dev.Stock.StockApplication
java_class_path (initial): C:\Users\AichDiallo\Desktop\Stock\target\classes;C:\Users\AichDiallo\.m2\repository\org\springframework\boot\spring-boot-starter-data-jpa\3.3.2\spring-boot-starter-data-jpa-3.3.2.jar;C:\Users\AichDiallo\.m2\repository\org\springframework\boot\spring-boot-starter-aop\3.3.2\spring-boot-starter-aop-3.3.2.jar;C:\Users\AichDiallo\.m2\repository\org\aspectj\aspectjweaver\1.9.22.1\aspectjweaver-1.9.22.1.jar;C:\Users\AichDiallo\.m2\repository\org\springframework\boot\spring-boot-starter-jdbc\3.3.2\spring-boot-starter-jdbc-3.3.2.jar;C:\Users\AichDiallo\.m2\repository\com\zaxxer\HikariCP\5.1.0\HikariCP-5.1.0.jar;C:\Users\AichDiallo\.m2\repository\org\springframework\spring-jdbc\6.1.11\spring-jdbc-6.1.11.jar;C:\Users\AichDiallo\.m2\repository\org\hibernate\orm\hibernate-core\6.5.2.Final\hibernate-core-6.5.2.Final.jar;C:\Users\AichDiallo\.m2\repository\jakarta\persistence\jakarta.persistence-api\3.1.0\jakarta.persistence-api-3.1.0.jar;C:\Users\AichDiallo\.m2\repository\jakarta\transaction\jakarta.transaction-api\2.0.1\jakarta.transaction-api-2.0.1.jar;C:\Users\AichDiallo\.m2\repository\org\jboss\logging\jboss-logging\3.5.3.Final\jboss-logging-3.5.3.Final.jar;C:\Users\AichDiallo\.m2\repository\org\hibernate\common\hibernate-commons-annotations\6.0.6.Final\hibernate-commons-annotations-6.0.6.Final.jar;C:\Users\AichDiallo\.m2\repository\io\smallrye\jandex\3.1.2\jandex-3.1.2.jar;C:\Users\AichDiallo\.m2\repository\com\fasterxml\classmate\1.7.0\classmate-1.7.0.jar;C:\Users\AichDiallo\.m2\repository\net\bytebuddy\byte-buddy\1.14.18\byte-buddy-1.14.18.jar;C:\Users\AichDiallo\.m2\repository\jakarta\inject\jakarta.inject-api\2.0.1\jakarta.inject-api-2.0.1.jar;C:\Users\AichDiallo\.m2\repository\org\antlr\antlr4-runtime\4.13.0\antlr4-runtime-4.13.0.jar;C:\Users\AichDiallo\.m2\repository\org\springframework\data\spring-data-jpa\3.3.2\spring-data-jpa-3.3.2.jar;C:\Users\AichDiallo\.m2\repository\org\springframework\data\spring-data-commons\3.3.2\spring-data-commons-3.3.2.jar;C:\Users\AichDiallo\.m2\repository\org\springframework\spring-orm\6.1.11\spring-orm-6.1.11.jar;C:\Users\AichDiallo\.m2\repository\org\springframework\spring-context\6.1.11\spring-context-6.1.11.jar;C:\Users\AichDiallo\.m2\repository\org\springframework\spring-tx\6.1.11\spring-tx-6.1.11.jar;C:\Users\AichDiallo\.m2\repository\org\springframework\spring-beans\6.1.11\spring-beans-6.1.11.jar;C:\Users\AichDiallo\.m2\repository\org\slf4j\slf4j-api\2.0.13\slf4j-api-2.0.13.jar;C:\Users\AichDiallo\.m2\repository\org\springframework\spring-aspects\6.1.11\spring-aspects-6.1.11.jar;C:\Users\AichDiallo\.m2\repository\org\mapstruct\mapstruct\1.5.3.Final\mapstruct-1.5.3.Final.jar;C:\Users\AichDiallo\.m2\repository\org\springframework\boot\spring-boot-starter-security\3.3.2\spring-boot-starter-security-3.3.2.jar;C:\Users\AichDiallo\.m2\repository\org\springframework\boot\spring-boot-starter\3.3.2\spring-boot-starter-3.3.2.jar;C:\Users\AichDiallo\.m2\repository\org\springframework\boot\spring-boot-starter-logging\3.3.2\spring-boot-starter-logging-3.3.2.jar;C:\Users\AichDiallo\.m2\repository\ch\qos\logback\logback-classic\1.5.6\logback-classic-1.5.6.jar;C:\Users\AichDiallo\.m2\repository\ch\qos\logback\logback-core\1.5.6\logback-core-1.5.6.jar;C:\Users\AichDiallo\.m2\repository\org\apache\logging\log4j\log4j-to-slf4j\2.23.1\log4j-to-slf4j-2.23.1.jar;C:\Users\AichDiallo\.m2\repository\org\apache\logging\log4j\log4j-api\2.23.1\log4j-api-2.23.1.jar;C:\Users\AichDiallo\.m2\repository\org\slf4j\jul-to-slf4j\2.0.13\jul-to-slf4j-2.0.13.jar;C:\Users\AichDiallo\.m2\repository\org\yaml\snakeyaml\2.2\snakeyaml-2.2.jar;C:\Users\AichDiallo\.m2\repository\org\springframework\spring-aop\6.1.11\spring-aop-6.1.11.jar;C:\Users\AichDiallo\.m2\repository\org\springframework\security\spring-security-config\6.3.1\spring-security-config-6.3.1.jar;C:\Users\AichDiallo\.m2\repository\org\springframework\security\spring-security-web\6.3.1\spring-security-web-6.3.1.jar;C:\Users\AichDiallo\.m2\repository\org\springframework\spring-expression\6.1.11\spring-expression-6.1.11.jar;C:\Users\AichDiallo\.m2\repository\org\springframework\boot\spring-boot-starter-web\3.3.2\spring-boot-starter-web-3.3.2.jar;C:\Users\AichDiallo\.m2\repository\org\springframework\boot\spring-boot-starter-json\3.3.2\spring-boot-starter-json-3.3.2.jar;C:\Users\AichDiallo\.m2\repository\com\fasterxml\jackson\datatype\jackson-datatype-jdk8\2.17.2\jackson-datatype-jdk8-2.17.2.jar;C:\Users\AichDiallo\.m2\repository\com\fasterxml\jackson\datatype\jackson-datatype-jsr310\2.17.2\jackson-datatype-jsr310-2.17.2.jar;C:\Users\AichDiallo\.m2\repository\com\fasterxml\jackson\module\jackson-module-parameter-names\2.17.2\jackson-module-parameter-names-2.17.2.jar;C:\Users\AichDiallo\.m2\repository\org\springframework\spring-web\6.1.11\spring-web-6.1.11.jar;C:\Users\AichDiallo\.m2\repository\io\micrometer\micrometer-observation\1.13.2\micrometer-observation-1.13.2.jar;C:\Users\AichDiallo\.m2\repository\io\micrometer\micrometer-commons\1.13.2\micrometer-commons-1.13.2.jar;C:\Users\AichDiallo\.m2\repository\org\springframework\spring-webmvc\6.1.11\spring-webmvc-6.1.11.jar;C:\Users\AichDiallo\.m2\repository\org\springframework\boot\spring-boot-devtools\3.3.2\spring-boot-devtools-3.3.2.jar;C:\Users\AichDiallo\.m2\repository\org\springframework\boot\spring-boot\3.3.2\spring-boot-3.3.2.jar;C:\Users\AichDiallo\.m2\repository\org\springframework\boot\spring-boot-autoconfigure\3.3.2\spring-boot-autoconfigure-3.3.2.jar;C:\Users\AichDiallo\.m2\repository\com\mysql\mysql-connector-j\8.3.0\mysql-connector-j-8.3.0.jar;C:\Users\AichDiallo\.m2\repository\org\projectlombok\lombok\1.18.34\lombok-1.18.34.jar;C:\Users\AichDiallo\.m2\repository\jakarta\xml\bind\jakarta.xml.bind-api\4.0.2\jakarta.xml.bind-api-4.0.2.jar;C:\Users\AichDiallo\.m2\repository\jakarta\activation\jakarta.activation-api\2.1.3\jakarta.activation-api-2.1.3.jar;C:\Users\AichDiallo\.m2\repository\org\springframework\spring-core\6.1.11\spring-core-6.1.11.jar;C:\Users\AichDiallo\.m2\repository\org\springframework\spring-jcl\6.1.11\spring-jcl-6.1.11.jar;C:\Users\AichDiallo\.m2\repository\org\springframework\security\spring-security-core\6.3.1\spring-security-core-6.3.1.jar;C:\Users\AichDiallo\.m2\repository\org\springframework\security\spring-security-crypto\6.3.1\spring-security-crypto-6.3.1.jar;C:\Users\AichDiallo\.m2\repository\io\jsonwebtoken\jjwt-api\0.11.5\jjwt-api-0.11.5.jar;C:\Users\AichDiallo\.m2\repository\io\jsonwebtoken\jjwt-impl\0.11.5\jjwt-impl-0.11.5.jar;C:\Users\AichDiallo\.m2\repository\io\jsonwebtoken\jjwt-jackson\0.11.5\jjwt-jackson-0.11.5.jar;C:\Users\AichDiallo\.m2\repository\com\fasterxml\jackson\core\jackson-databind\2.17.2\jackson-databind-2.17.2.jar;C:\Users\AichDiallo\.m2\repository\com\fasterxml\jackson\core\jackson-annotations\2.17.2\jackson-annotations-2.17.2.jar;C:\Users\AichDiallo\.m2\repository\com\fasterxml\jackson\core\jackson-core\2.17.2\jackson-core-2.17.2.jar;C:\Users\AichDiallo\.m2\repository\io\swagger\core\v3\swagger-maven-plugin\2.2.21\swagger-maven-plugin-2.2.21.jar;C:\Users\AichDiallo\.m2\repository\org\apache\commons\commons-lang3\3.14.0\commons-lang3-3.14.0.jar;C:\Users\AichDiallo\.m2\repository\org\codehaus\plexus\plexus-utils\3.5.1\plexus-utils-3.5.1.jar;C:\Users\AichDiallo\.m2\repository\org\codehaus\plexus\plexus-component-annotations\2.1.1\plexus-component-annotations-2.1.1.jar;C:\Users\AichDiallo\.m2\repository\io\swagger\core\v3\swagger-jaxrs2\2.2.21\swagger-jaxrs2-2.2.21.jar;C:\Users\AichDiallo\.m2\repository\io\github\classgraph\classgraph\4.8.165\classgraph-4.8.165.jar;C:\Users\AichDiallo\.m2\repository\org\javassist\javassist\3.30.2-GA\javassist-3.30.2-GA.jar;C:\Users\AichDiallo\.m2\repository\io\swagger\core\v3\swagger-models\2.2.21\swagger-models-2.2.21.jar;C:\Users\AichDiallo\.m2\repository\io\swagger\core\v3\swagger-annotations\2.2.21\swagger-annotations-2.2.21.jar;C:\Users\AichDiallo\.m2\repository\io\swagger\core\v3\swagger-integration\2.2.21\swagger-integration-2.2.21.jar;C:\Users\AichDiallo\.m2\repository\io\swagger\core\v3\swagger-core\2.2.21\swagger-core-2.2.21.jar;C:\Users\AichDiallo\.m2\repository\com\fasterxml\jackson\dataformat\jackson-dataformat-yaml\2.17.2\jackson-dataformat-yaml-2.17.2.jar;C:\Users\AichDiallo\.m2\repository\com\fasterxml\jackson\jaxrs\jackson-jaxrs-json-provider\2.17.2\jackson-jaxrs-json-provider-2.17.2.jar;C:\Users\AichDiallo\.m2\repository\com\fasterxml\jackson\jaxrs\jackson-jaxrs-base\2.17.2\jackson-jaxrs-base-2.17.2.jar;C:\Users\AichDiallo\.m2\repository\com\fasterxml\jackson\module\jackson-module-jaxb-annotations\2.17.2\jackson-module-jaxb-annotations-2.17.2.jar;C:\Users\AichDiallo\.m2\repository\org\springdoc\springdoc-openapi-starter-webmvc-ui\2.1.0\springdoc-openapi-starter-webmvc-ui-2.1.0.jar;C:\Users\AichDiallo\.m2\repository\org\springdoc\springdoc-openapi-starter-webmvc-api\2.1.0\springdoc-openapi-starter-webmvc-api-2.1.0.jar;C:\Users\AichDiallo\.m2\repository\org\springdoc\springdoc-openapi-starter-common\2.1.0\springdoc-openapi-starter-common-2.1.0.jar;C:\Users\AichDiallo\.m2\repository\io\swagger\core\v3\swagger-core-jakarta\2.2.9\swagger-core-jakarta-2.2.9.jar;C:\Users\AichDiallo\.m2\repository\io\swagger\core\v3\swagger-annotations-jakarta\2.2.9\swagger-annotations-jakarta-2.2.9.jar;C:\Users\AichDiallo\.m2\repository\io\swagger\core\v3\swagger-models-jakarta\2.2.9\swagger-models-jakarta-2.2.9.jar;C:\Users\AichDiallo\.m2\repository\org\webjars\swagger-ui\4.18.2\swagger-ui-4.18.2.jar;C:\Users\AichDiallo\.m2\repository\javax\xml\bind\jaxb-api\2.3.1\jaxb-api-2.3.1.jar;C:\Users\AichDiallo\.m2\repository\javax\activation\javax.activation-api\1.2.0\javax.activation-api-1.2.0.jar;C:\Users\AichDiallo\.m2\repository\org\glassfish\jaxb\jaxb-runtime\4.0.5\jaxb-runtime-4.0.5.jar;C:\Users\AichDiallo\.m2\repository\org\glassfish\jaxb\jaxb-core\4.0.5\jaxb-core-4.0.5.jar;C:\Users\AichDiallo\.m2\repository\org\eclipse\angus\angus-activation\2.0.2\angus-activation-2.0.2.jar;C:\Users\AichDiallo\.m2\repository\org\glassfish\jaxb\txw2\4.0.5\txw2-4.0.5.jar;C:\Users\AichDiallo\.m2\repository\com\sun\istack\istack-commons-runtime\4.1.2\istack-commons-runtime-4.1.2.jar;C:\Users\AichDiallo\.m2\repository\org\mapstruct\mapstruct-processor\1.5.2.Final\mapstruct-processor-1.5.2.Final.jar;C:\Users\AichDiallo\.m2\repository\org\springframework\boot\spring-boot-starter-validation\3.3.2\spring-boot-starter-validation-3.3.2.jar;C:\Users\AichDiallo\.m2\repository\org\apache\tomcat\embed\tomcat-embed-el\10.1.26\tomcat-embed-el-10.1.26.jar;C:\Users\AichDiallo\.m2\repository\org\hibernate\validator\hibernate-validator\8.0.1.Final\hibernate-validator-8.0.1.Final.jar;C:\Users\AichDiallo\.m2\repository\jakarta\validation\jakarta.validation-api\3.0.2\jakarta.validation-api-3.0.2.jar;C:\Users\AichDiallo\.m2\repository\org\springframework\boot\spring-boot-starter-tomcat\3.3.2\spring-boot-starter-tomcat-3.3.2.jar;C:\Users\AichDiallo\.m2\repository\jakarta\annotation\jakarta.annotation-api\2.1.1\jakarta.annotation-api-2.1.1.jar;C:\Users\AichDiallo\.m2\repository\org\apache\tomcat\embed\tomcat-embed-core\10.1.26\tomcat-embed-core-10.1.26.jar;C:\Users\AichDiallo\.m2\repository\org\apache\tomcat\embed\tomcat-embed-websocket\10.1.26\tomcat-embed-websocket-10.1.26.jar
Launcher Type: SUN_STANDARD

[Global flags]
     intx CICompilerCount                          = 3                                         {product} {ergonomic}
     uint ConcGCThreads                            = 1                                         {product} {ergonomic}
     uint G1ConcRefinementThreads                  = 4                                         {product} {ergonomic}
   size_t G1HeapRegionSize                         = 1048576                                   {product} {ergonomic}
   size_t InitialHeapSize                          = 65011712                                  {product} {ergonomic}
     bool ManagementServer                         = true                                      {product} {command line}
   size_t MarkStackSize                            = 4194304                                   {product} {ergonomic}
   size_t MaxHeapSize                              = 1023410176                                {product} {ergonomic}
   size_t MaxNewSize                               = 613416960                                 {product} {ergonomic}
   size_t MinHeapDeltaBytes                        = 1048576                                   {product} {ergonomic}
   size_t MinHeapSize                              = 8388608                                   {product} {ergonomic}
    uintx NonNMethodCodeHeapSize                   = 4096                                   {pd product} {ergonomic}
    uintx NonProfiledCodeHeapSize                  = 0                                      {pd product} {ergonomic}
     bool ProfileInterpreter                       = false                                  {pd product} {command line}
    uintx ProfiledCodeHeapSize                     = 0                                      {pd product} {ergonomic}
   size_t SoftMaxHeapSize                          = 1023410176                             {manageable} {ergonomic}
     intx TieredStopAtLevel                        = 1                                         {product} {command line}
     bool UseCompressedOops                        = true                           {product lp64_product} {ergonomic}
     bool UseG1GC                                  = true                                      {product} {ergonomic}
     bool UseLargePagesIndividualAllocation        = false                                  {pd product} {ergonomic}

Logging:
Log output configuration:
 #0: stdout all=warning uptime,level,tags foldmultilines=false
 #1: stderr all=off uptime,level,tags foldmultilines=false

Environment Variables:
PATH=C:\Windows\system32;C:\Windows;C:\Windows\System32\Wbem;C:\Windows\System32\WindowsPowerShell\v1.0\;C:\Windows\System32\OpenSSH\;C:\Program Files\Git\cmd;C:\Program Files\nodejs\;C:\ProgramData\chocolatey\bin;%ANDROID_HOME%\emulator;%ANDROID_HOME%\tools;%ANDROID_HOME%\tools\bin;%ANDROID_HOME%\platform-tools;C:\Users\AichDiallo\AppData\Local\Android\Sdk\platform-tools;C:\Users\AichDiallo\AppData\Local\Microsoft\WindowsApps;C:\Users\AichDiallo\AppData\Local\JetBrains\Toolbox\scripts;;C:\Program Files\JetBrains\IntelliJ IDEA 2024.1.1\bin;;C:\Users\AichDiallo\AppData\Local\Programs\Microsoft VS Code\bin;C:\Users\AichDiallo\AppData\Roaming\npm;C:\Program Files\heroku\bin
USERNAME=AichDiallo
OS=Windows_NT
PROCESSOR_IDENTIFIER=Intel64 Family 6 Model 122 Stepping 8, GenuineIntel
TMP=C:\Users\AICHDI~1\AppData\Local\Temp
TEMP=C:\Users\AICHDI~1\AppData\Local\Temp




Periodic native trim disabled

---------------  S Y S T E M  ---------------

OS:
 Windows 10 , 64 bit Build 19041 (10.0.19041.4717)
OS uptime: 5 days 13:56 hours

CPU: total 4 (initial active 4) (4 cores per cpu, 1 threads per core) family 6 model 122 stepping 8 microcode 0x1a, cx8, cmov, fxsr, mmx, 3dnowpref, sse, sse2, sse3, ssse3, sse4.1, sse4.2, popcnt, tsc, tscinvbit, aes, erms, clmul, sha, clflush, clflushopt, rdtscp, rdpid
Processor Information for all 4 processors :
  Max Mhz: 1101, Current Mhz: 1101, Mhz Limit: 1101

Memory: 4k page, system-wide physical 3899M (198M free)
TotalPageFile size 15675M (AvailPageFile size 0M)
current process WorkingSet (physical memory assigned to process): 193M, peak: 258M
current process commit charge ("private bytes"): 311M, peak: 311M

vm_info: OpenJDK 64-Bit Server VM (22.0.2+9-70) for windows-amd64 JRE (22.0.2+9-70), built on 2024-06-04T16:52:23Z by "mach5one" with MS VC++ 17.6 (VS2022)

END.
